<?xml version="1.0" encoding="UTF-8"?>
<testsuite xmlns:xsi="http://www.w3.org/2001/XMLSchema-instance" xsi:noNamespaceSchemaLocation="https://maven.apache.org/surefire/maven-surefire-plugin/xsd/surefire-test-report-3.0.xsd" version="3.0" name="com.springboot.mynewapp.MynewappApplicationTests" time="70.732" tests="1" errors="0" skipped="0" failures="0">
  <properties>
[...]
</properties>
  <testcase name="contextLoads" classname="com.springboot.mynewapp.MynewappApplicationTests" time="5.844">
    <system-out><![CDATA[
  .   ____          _            __ _ _
 /\\ / ___'_ __ _ _(_)_ __  __ _ \ \ \ \
( ( )\___ | '_ | '_| | '_ \/ _` | \ \ \ \
 \\/  ___)| |_)| | | | | || (_| |  ) ) ) )
  '  |____| .__|_| |_|_| |_\__, | / / / /
 =========|_|==============|___/=/_/_/_/
 :: Spring Boot ::                (v3.1.0)

2023-12-16T17:12:13.112+02:00  INFO 1980 --- [           main] c.s.mynewapp.MynewappApplicationTests    : Starting MynewappApplicationTests using Java 17.0.1 with PID 1980 (started by User in C:\Users\User\eclipse-workspace\eCommerceBackendSort)
2023-12-16T17:12:13.142+02:00 DEBUG 1980 --- [           main] c.s.mynewapp.MynewappApplicationTests    : Running with Spring Boot v3.1.0, Spring v6.0.9
2023-12-16T17:12:13.147+02:00  INFO 1980 --- [           main] c.s.mynewapp.MynewappApplicationTests    : No active profile set, falling back to 1 default profile: "default"
2023-12-16T17:12:21.674+02:00  INFO 1980 --- [           main] .s.d.r.c.RepositoryConfigurationDelegate : Bootstrapping Spring Data JPA repositories in DEFAULT mode.
2023-12-16T17:12:22.697+02:00  INFO 1980 --- [           main] .s.d.r.c.RepositoryConfigurationDelegate : Finished Spring Data repository scanning in 654 ms. Found 9 JPA repository interfaces.
2023-12-16T17:12:32.682+02:00  INFO 1980 --- [           main] o.s.b.w.embedded.tomcat.TomcatWebServer  : Tomcat initialized with port(s): 0 (https)
2023-12-16T17:12:32.695+02:00  INFO 1980 --- [           main] o.a.catalina.core.AprLifecycleListener   : An older version [1.2.38] of the Apache Tomcat Native library is installed, while Tomcat recommends a minimum version of [2.0.1]
2023-12-16T17:12:32.698+02:00  INFO 1980 --- [           main] o.a.catalina.core.AprLifecycleListener   : Loaded Apache Tomcat Native library [1.2.38] using APR version [1.7.4].
2023-12-16T17:12:32.770+02:00  INFO 1980 --- [           main] o.a.catalina.core.AprLifecycleListener   : OpenSSL successfully initialized [OpenSSL 1.1.1v  1 Aug 2023]
2023-12-16T17:12:32.819+02:00  INFO 1980 --- [           main] o.apache.catalina.core.StandardService   : Starting service [Tomcat]
2023-12-16T17:12:32.820+02:00  INFO 1980 --- [           main] o.apache.catalina.core.StandardEngine    : Starting Servlet engine: [Apache Tomcat/10.1.8]
2023-12-16T17:12:33.269+02:00  INFO 1980 --- [           main] o.a.c.c.C.[Tomcat].[localhost].[/]       : Initializing Spring embedded WebApplicationContext
2023-12-16T17:12:33.274+02:00  INFO 1980 --- [           main] w.s.c.ServletWebServerApplicationContext : Root WebApplicationContext: initialization completed in 19919 ms
2023-12-16T17:12:34.677+02:00  INFO 1980 --- [           main] com.zaxxer.hikari.HikariDataSource       : HikariPool-1 - Starting...
2023-12-16T17:12:39.511+02:00  INFO 1980 --- [           main] com.zaxxer.hikari.pool.HikariPool        : HikariPool-1 - Added connection com.mysql.cj.jdbc.ConnectionImpl@103e7c7c
2023-12-16T17:12:39.526+02:00  INFO 1980 --- [           main] com.zaxxer.hikari.HikariDataSource       : HikariPool-1 - Start completed.
2023-12-16T17:12:40.132+02:00 DEBUG 1980 --- [           main] o.hibernate.jpa.internal.util.LogHelper  : PersistenceUnitInfo [
	name: default
	persistence provider classname: null
	classloader: jdk.internal.loader.ClassLoaders$AppClassLoader@bebdb06
	excludeUnlistedClasses: true
	JTA datasource: null
	Non JTA datasource: HikariDataSource (HikariPool-1)
	Transaction type: RESOURCE_LOCAL
	PU root URL: file:/C:/Users/User/eclipse-workspace/eCommerceBackendSort/target/test-classes/
	Shared Cache Mode: UNSPECIFIED
	Validation Mode: AUTO
	Jar files URLs []
	Managed classes names [
		com.springboot.mySpringBootCRUDapp.entity.Address
		com.springboot.mySpringBootCRUDapp.entity.ColorAmountInStock
		com.springboot.mySpringBootCRUDapp.entity.ColorAmountOfOrderItem
		com.springboot.mySpringBootCRUDapp.entity.Country
		com.springboot.mySpringBootCRUDapp.entity.Customer
		com.springboot.mySpringBootCRUDapp.entity.Order
		com.springboot.mySpringBootCRUDapp.entity.OrderItem
		com.springboot.mySpringBootCRUDapp.entity.Product
		com.springboot.mySpringBootCRUDapp.entity.ProductCategory
		com.springboot.mySpringBootCRUDapp.entity.ProductDetailsImages
		com.springboot.mySpringBootCRUDapp.entity.ProductSubcategory
		com.springboot.mySpringBootCRUDapp.entity.Region]
	Mapping files names []
	Properties []
2023-12-16T17:12:40.185+02:00 DEBUG 1980 --- [           main] o.h.i.internal.IntegratorServiceImpl     : Adding Integrator [org.hibernate.boot.beanvalidation.BeanValidationIntegrator].
2023-12-16T17:12:40.264+02:00 DEBUG 1980 --- [           main] o.h.i.internal.IntegratorServiceImpl     : Adding Integrator [org.hibernate.cache.internal.CollectionCacheInvalidator].
2023-12-16T17:12:40.677+02:00  INFO 1980 --- [           main] org.hibernate.Version                    : HHH000412: Hibernate ORM core version 6.2.2.Final
2023-12-16T17:12:40.756+02:00 DEBUG 1980 --- [           main] org.hibernate.cfg.Environment            : HHH000206: hibernate.properties not found
2023-12-16T17:12:40.764+02:00  INFO 1980 --- [           main] org.hibernate.cfg.Environment            : HHH000406: Using bytecode reflection optimizer
2023-12-16T17:12:40.845+02:00 DEBUG 1980 --- [           main] org.hibernate.orm.idgen.factory          : Ignoring CDI for resolving IdentifierGenerator instances as extended or delayed CDI support was enabled
2023-12-16T17:12:40.858+02:00 DEBUG 1980 --- [           main] org.hibernate.orm.idgen.factory          : Registering IdentifierGenerator strategy [uuid2] -> [org.hibernate.id.UUIDGenerator]
2023-12-16T17:12:40.860+02:00 DEBUG 1980 --- [           main] org.hibernate.orm.idgen.factory          : Registering IdentifierGenerator strategy [guid] -> [org.hibernate.id.GUIDGenerator]
2023-12-16T17:12:40.863+02:00 DEBUG 1980 --- [           main] org.hibernate.orm.idgen.factory          : Registering IdentifierGenerator strategy [uuid] -> [org.hibernate.id.UUIDHexGenerator]
2023-12-16T17:12:40.863+02:00 DEBUG 1980 --- [           main] org.hibernate.orm.idgen.factory          : Registering IdentifierGenerator strategy [uuid.hex] -> [org.hibernate.id.UUIDHexGenerator]
2023-12-16T17:12:40.865+02:00 DEBUG 1980 --- [           main] org.hibernate.orm.idgen.factory          : Registering IdentifierGenerator strategy [assigned] -> [org.hibernate.id.Assigned]
2023-12-16T17:12:40.867+02:00 DEBUG 1980 --- [           main] org.hibernate.orm.idgen.factory          : Registering IdentifierGenerator strategy [identity] -> [org.hibernate.id.IdentityGenerator]
2023-12-16T17:12:40.868+02:00 DEBUG 1980 --- [           main] org.hibernate.orm.idgen.factory          : Registering IdentifierGenerator strategy [select] -> [org.hibernate.id.SelectGenerator]
2023-12-16T17:12:40.872+02:00 DEBUG 1980 --- [           main] org.hibernate.orm.idgen.factory          : Registering IdentifierGenerator strategy [sequence] -> [org.hibernate.id.enhanced.SequenceStyleGenerator]
2023-12-16T17:12:40.880+02:00 DEBUG 1980 --- [           main] org.hibernate.orm.idgen.factory          : Registering IdentifierGenerator strategy [increment] -> [org.hibernate.id.IncrementGenerator]
2023-12-16T17:12:40.881+02:00 DEBUG 1980 --- [           main] org.hibernate.orm.idgen.factory          : Registering IdentifierGenerator strategy [foreign] -> [org.hibernate.id.ForeignGenerator]
2023-12-16T17:12:40.883+02:00 DEBUG 1980 --- [           main] org.hibernate.orm.idgen.factory          : Registering IdentifierGenerator strategy [enhanced-sequence] -> [org.hibernate.id.enhanced.SequenceStyleGenerator]
2023-12-16T17:12:40.885+02:00 DEBUG 1980 --- [           main] org.hibernate.orm.idgen.factory          : Registering IdentifierGenerator strategy [enhanced-table] -> [org.hibernate.id.enhanced.TableGenerator]
2023-12-16T17:12:40.933+02:00 DEBUG 1980 --- [           main] o.h.c.internal.RegionFactoryInitiator    : Cannot default RegionFactory based on registered strategies as `[]` RegionFactory strategies were registered
2023-12-16T17:12:40.936+02:00 DEBUG 1980 --- [           main] o.h.c.internal.RegionFactoryInitiator    : Cache region factory : org.hibernate.cache.internal.NoCachingRegionFactory
2023-12-16T17:12:41.339+02:00 DEBUG 1980 --- [           main] org.hibernate.type.BasicTypeRegistry     : Adding type registration boolean -> org.hibernate.type.BasicTypeReference@4f9213d2
2023-12-16T17:12:41.342+02:00 DEBUG 1980 --- [           main] org.hibernate.type.BasicTypeRegistry     : Adding type registration boolean -> org.hibernate.type.BasicTypeReference@4f9213d2
2023-12-16T17:12:41.342+02:00 DEBUG 1980 --- [           main] org.hibernate.type.BasicTypeRegistry     : Adding type registration java.lang.Boolean -> org.hibernate.type.BasicTypeReference@4f9213d2
2023-12-16T17:12:41.343+02:00 DEBUG 1980 --- [           main] org.hibernate.type.BasicTypeRegistry     : Adding type registration numeric_boolean -> org.hibernate.type.BasicTypeReference@679f59f1
2023-12-16T17:12:41.343+02:00 DEBUG 1980 --- [           main] org.hibernate.type.BasicTypeRegistry     : Adding type registration org.hibernate.type.NumericBooleanConverter -> org.hibernate.type.BasicTypeReference@679f59f1
2023-12-16T17:12:41.344+02:00 DEBUG 1980 --- [           main] org.hibernate.type.BasicTypeRegistry     : Adding type registration true_false -> org.hibernate.type.BasicTypeReference@6b5e1fc5
2023-12-16T17:12:41.344+02:00 DEBUG 1980 --- [           main] org.hibernate.type.BasicTypeRegistry     : Adding type registration org.hibernate.type.TrueFalseConverter -> org.hibernate.type.BasicTypeReference@6b5e1fc5
2023-12-16T17:12:41.345+02:00 DEBUG 1980 --- [           main] org.hibernate.type.BasicTypeRegistry     : Adding type registration yes_no -> org.hibernate.type.BasicTypeReference@47ffa248
2023-12-16T17:12:41.346+02:00 DEBUG 1980 --- [           main] org.hibernate.type.BasicTypeRegistry     : Adding type registration org.hibernate.type.YesNoConverter -> org.hibernate.type.BasicTypeReference@47ffa248
2023-12-16T17:12:41.347+02:00 DEBUG 1980 --- [           main] org.hibernate.type.BasicTypeRegistry     : Adding type registration byte -> org.hibernate.type.BasicTypeReference@18ac25e6
2023-12-16T17:12:41.351+02:00 DEBUG 1980 --- [           main] org.hibernate.type.BasicTypeRegistry     : Adding type registration byte -> org.hibernate.type.BasicTypeReference@18ac25e6
2023-12-16T17:12:41.352+02:00 DEBUG 1980 --- [           main] org.hibernate.type.BasicTypeRegistry     : Adding type registration java.lang.Byte -> org.hibernate.type.BasicTypeReference@18ac25e6
2023-12-16T17:12:41.352+02:00 DEBUG 1980 --- [           main] org.hibernate.type.BasicTypeRegistry     : Adding type registration binary -> org.hibernate.type.BasicTypeReference@5e1a7d3
2023-12-16T17:12:41.353+02:00 DEBUG 1980 --- [           main] org.hibernate.type.BasicTypeRegistry     : Adding type registration byte[] -> org.hibernate.type.BasicTypeReference@5e1a7d3
2023-12-16T17:12:41.353+02:00 DEBUG 1980 --- [           main] org.hibernate.type.BasicTypeRegistry     : Adding type registration [B -> org.hibernate.type.BasicTypeReference@5e1a7d3
2023-12-16T17:12:41.353+02:00 DEBUG 1980 --- [           main] org.hibernate.type.BasicTypeRegistry     : Adding type registration binary_wrapper -> org.hibernate.type.BasicTypeReference@1eda309d
2023-12-16T17:12:41.353+02:00 DEBUG 1980 --- [           main] org.hibernate.type.BasicTypeRegistry     : Adding type registration wrapper-binary -> org.hibernate.type.BasicTypeReference@1eda309d
2023-12-16T17:12:41.354+02:00 DEBUG 1980 --- [           main] org.hibernate.type.BasicTypeRegistry     : Adding type registration image -> org.hibernate.type.BasicTypeReference@248d2cec
2023-12-16T17:12:41.355+02:00 DEBUG 1980 --- [           main] org.hibernate.type.BasicTypeRegistry     : Adding type registration blob -> org.hibernate.type.BasicTypeReference@5d77be8e
2023-12-16T17:12:41.359+02:00 DEBUG 1980 --- [           main] org.hibernate.type.BasicTypeRegistry     : Adding type registration java.sql.Blob -> org.hibernate.type.BasicTypeReference@5d77be8e
2023-12-16T17:12:41.359+02:00 DEBUG 1980 --- [           main] org.hibernate.type.BasicTypeRegistry     : Adding type registration materialized_blob -> org.hibernate.type.BasicTypeReference@55a055cc
2023-12-16T17:12:41.359+02:00 DEBUG 1980 --- [           main] org.hibernate.type.BasicTypeRegistry     : Adding type registration materialized_blob_wrapper -> org.hibernate.type.BasicTypeReference@1ab1d93d
2023-12-16T17:12:41.359+02:00 DEBUG 1980 --- [           main] org.hibernate.type.BasicTypeRegistry     : Adding type registration short -> org.hibernate.type.BasicTypeReference@57167ccb
2023-12-16T17:12:41.359+02:00 DEBUG 1980 --- [           main] org.hibernate.type.BasicTypeRegistry     : Adding type registration short -> org.hibernate.type.BasicTypeReference@57167ccb
2023-12-16T17:12:41.360+02:00 DEBUG 1980 --- [           main] org.hibernate.type.BasicTypeRegistry     : Adding type registration java.lang.Short -> org.hibernate.type.BasicTypeReference@57167ccb
2023-12-16T17:12:41.360+02:00 DEBUG 1980 --- [           main] org.hibernate.type.BasicTypeRegistry     : Adding type registration integer -> org.hibernate.type.BasicTypeReference@37753b69
2023-12-16T17:12:41.361+02:00 DEBUG 1980 --- [           main] org.hibernate.type.BasicTypeRegistry     : Adding type registration int -> org.hibernate.type.BasicTypeReference@37753b69
2023-12-16T17:12:41.362+02:00 DEBUG 1980 --- [           main] org.hibernate.type.BasicTypeRegistry     : Adding type registration java.lang.Integer -> org.hibernate.type.BasicTypeReference@37753b69
2023-12-16T17:12:41.362+02:00 DEBUG 1980 --- [           main] org.hibernate.type.BasicTypeRegistry     : Adding type registration long -> org.hibernate.type.BasicTypeReference@602c167e
2023-12-16T17:12:41.363+02:00 DEBUG 1980 --- [           main] org.hibernate.type.BasicTypeRegistry     : Adding type registration long -> org.hibernate.type.BasicTypeReference@602c167e
2023-12-16T17:12:41.363+02:00 DEBUG 1980 --- [           main] org.hibernate.type.BasicTypeRegistry     : Adding type registration java.lang.Long -> org.hibernate.type.BasicTypeReference@602c167e
2023-12-16T17:12:41.363+02:00 DEBUG 1980 --- [           main] org.hibernate.type.BasicTypeRegistry     : Adding type registration float -> org.hibernate.type.BasicTypeReference@74c04377
2023-12-16T17:12:41.363+02:00 DEBUG 1980 --- [           main] org.hibernate.type.BasicTypeRegistry     : Adding type registration float -> org.hibernate.type.BasicTypeReference@74c04377
2023-12-16T17:12:41.363+02:00 DEBUG 1980 --- [           main] org.hibernate.type.BasicTypeRegistry     : Adding type registration java.lang.Float -> org.hibernate.type.BasicTypeReference@74c04377
2023-12-16T17:12:41.364+02:00 DEBUG 1980 --- [           main] org.hibernate.type.BasicTypeRegistry     : Adding type registration double -> org.hibernate.type.BasicTypeReference@10d49900
2023-12-16T17:12:41.364+02:00 DEBUG 1980 --- [           main] org.hibernate.type.BasicTypeRegistry     : Adding type registration double -> org.hibernate.type.BasicTypeReference@10d49900
2023-12-16T17:12:41.364+02:00 DEBUG 1980 --- [           main] org.hibernate.type.BasicTypeRegistry     : Adding type registration java.lang.Double -> org.hibernate.type.BasicTypeReference@10d49900
2023-12-16T17:12:41.365+02:00 DEBUG 1980 --- [           main] org.hibernate.type.BasicTypeRegistry     : Adding type registration big_integer -> org.hibernate.type.BasicTypeReference@e645600
2023-12-16T17:12:41.365+02:00 DEBUG 1980 --- [           main] org.hibernate.type.BasicTypeRegistry     : Adding type registration java.math.BigInteger -> org.hibernate.type.BasicTypeReference@e645600
2023-12-16T17:12:41.365+02:00 DEBUG 1980 --- [           main] org.hibernate.type.BasicTypeRegistry     : Adding type registration big_decimal -> org.hibernate.type.BasicTypeReference@e7b3e54
2023-12-16T17:12:41.365+02:00 DEBUG 1980 --- [           main] org.hibernate.type.BasicTypeRegistry     : Adding type registration java.math.BigDecimal -> org.hibernate.type.BasicTypeReference@e7b3e54
2023-12-16T17:12:41.365+02:00 DEBUG 1980 --- [           main] org.hibernate.type.BasicTypeRegistry     : Adding type registration character -> org.hibernate.type.BasicTypeReference@78d61f17
2023-12-16T17:12:41.365+02:00 DEBUG 1980 --- [           main] org.hibernate.type.BasicTypeRegistry     : Adding type registration char -> org.hibernate.type.BasicTypeReference@78d61f17
2023-12-16T17:12:41.366+02:00 DEBUG 1980 --- [           main] org.hibernate.type.BasicTypeRegistry     : Adding type registration java.lang.Character -> org.hibernate.type.BasicTypeReference@78d61f17
2023-12-16T17:12:41.366+02:00 DEBUG 1980 --- [           main] org.hibernate.type.BasicTypeRegistry     : Adding type registration character_nchar -> org.hibernate.type.BasicTypeReference@4cfe9594
2023-12-16T17:12:41.366+02:00 DEBUG 1980 --- [           main] org.hibernate.type.BasicTypeRegistry     : Adding type registration string -> org.hibernate.type.BasicTypeReference@60861e5d
2023-12-16T17:12:41.366+02:00 DEBUG 1980 --- [           main] org.hibernate.type.BasicTypeRegistry     : Adding type registration java.lang.String -> org.hibernate.type.BasicTypeReference@60861e5d
2023-12-16T17:12:41.366+02:00 DEBUG 1980 --- [           main] org.hibernate.type.BasicTypeRegistry     : Adding type registration nstring -> org.hibernate.type.BasicTypeReference@37d81587
2023-12-16T17:12:41.369+02:00 DEBUG 1980 --- [           main] org.hibernate.type.BasicTypeRegistry     : Adding type registration characters -> org.hibernate.type.BasicTypeReference@7f3e9acc
2023-12-16T17:12:41.373+02:00 DEBUG 1980 --- [           main] org.hibernate.type.BasicTypeRegistry     : Adding type registration char[] -> org.hibernate.type.BasicTypeReference@7f3e9acc
2023-12-16T17:12:41.373+02:00 DEBUG 1980 --- [           main] org.hibernate.type.BasicTypeRegistry     : Adding type registration [C -> org.hibernate.type.BasicTypeReference@7f3e9acc
2023-12-16T17:12:41.374+02:00 DEBUG 1980 --- [           main] org.hibernate.type.BasicTypeRegistry     : Adding type registration wrapper-characters -> org.hibernate.type.BasicTypeReference@47d4e28a
2023-12-16T17:12:41.374+02:00 DEBUG 1980 --- [           main] org.hibernate.type.BasicTypeRegistry     : Adding type registration text -> org.hibernate.type.BasicTypeReference@177068db
2023-12-16T17:12:41.375+02:00 DEBUG 1980 --- [           main] org.hibernate.type.BasicTypeRegistry     : Adding type registration ntext -> org.hibernate.type.BasicTypeReference@60f3239f
2023-12-16T17:12:41.375+02:00 DEBUG 1980 --- [           main] org.hibernate.type.BasicTypeRegistry     : Adding type registration clob -> org.hibernate.type.BasicTypeReference@6b103db7
2023-12-16T17:12:41.377+02:00 DEBUG 1980 --- [           main] org.hibernate.type.BasicTypeRegistry     : Adding type registration java.sql.Clob -> org.hibernate.type.BasicTypeReference@6b103db7
2023-12-16T17:12:41.377+02:00 DEBUG 1980 --- [           main] org.hibernate.type.BasicTypeRegistry     : Adding type registration nclob -> org.hibernate.type.BasicTypeReference@b3042ed
2023-12-16T17:12:41.377+02:00 DEBUG 1980 --- [           main] org.hibernate.type.BasicTypeRegistry     : Adding type registration java.sql.NClob -> org.hibernate.type.BasicTypeReference@b3042ed
2023-12-16T17:12:41.377+02:00 DEBUG 1980 --- [           main] org.hibernate.type.BasicTypeRegistry     : Adding type registration materialized_clob -> org.hibernate.type.BasicTypeReference@1f12d5e0
2023-12-16T17:12:41.377+02:00 DEBUG 1980 --- [           main] org.hibernate.type.BasicTypeRegistry     : Adding type registration materialized_clob_char_array -> org.hibernate.type.BasicTypeReference@6604f246
2023-12-16T17:12:41.377+02:00 DEBUG 1980 --- [           main] org.hibernate.type.BasicTypeRegistry     : Adding type registration materialized_clob_character_array -> org.hibernate.type.BasicTypeReference@c1386b4
2023-12-16T17:12:41.378+02:00 DEBUG 1980 --- [           main] org.hibernate.type.BasicTypeRegistry     : Adding type registration materialized_nclob -> org.hibernate.type.BasicTypeReference@53d9af1
2023-12-16T17:12:41.379+02:00 DEBUG 1980 --- [           main] org.hibernate.type.BasicTypeRegistry     : Adding type registration materialized_nclob_character_array -> org.hibernate.type.BasicTypeReference@c89e263
2023-12-16T17:12:41.379+02:00 DEBUG 1980 --- [           main] org.hibernate.type.BasicTypeRegistry     : Adding type registration materialized_nclob_char_array -> org.hibernate.type.BasicTypeReference@4d5ea776
2023-12-16T17:12:41.379+02:00 DEBUG 1980 --- [           main] org.hibernate.type.BasicTypeRegistry     : Adding type registration Duration -> org.hibernate.type.BasicTypeReference@5d68be4f
2023-12-16T17:12:41.379+02:00 DEBUG 1980 --- [           main] org.hibernate.type.BasicTypeRegistry     : Adding type registration java.time.Duration -> org.hibernate.type.BasicTypeReference@5d68be4f
2023-12-16T17:12:41.380+02:00 DEBUG 1980 --- [           main] org.hibernate.type.BasicTypeRegistry     : Adding type registration LocalDateTime -> org.hibernate.type.BasicTypeReference@34eb5d01
2023-12-16T17:12:41.385+02:00 DEBUG 1980 --- [           main] org.hibernate.type.BasicTypeRegistry     : Adding type registration java.time.LocalDateTime -> org.hibernate.type.BasicTypeReference@34eb5d01
2023-12-16T17:12:41.385+02:00 DEBUG 1980 --- [           main] org.hibernate.type.BasicTypeRegistry     : Adding type registration LocalDate -> org.hibernate.type.BasicTypeReference@77b22b05
2023-12-16T17:12:41.386+02:00 DEBUG 1980 --- [           main] org.hibernate.type.BasicTypeRegistry     : Adding type registration java.time.LocalDate -> org.hibernate.type.BasicTypeReference@77b22b05
2023-12-16T17:12:41.386+02:00 DEBUG 1980 --- [           main] org.hibernate.type.BasicTypeRegistry     : Adding type registration LocalTime -> org.hibernate.type.BasicTypeReference@4fef5792
2023-12-16T17:12:41.386+02:00 DEBUG 1980 --- [           main] org.hibernate.type.BasicTypeRegistry     : Adding type registration java.time.LocalTime -> org.hibernate.type.BasicTypeReference@4fef5792
2023-12-16T17:12:41.386+02:00 DEBUG 1980 --- [           main] org.hibernate.type.BasicTypeRegistry     : Adding type registration OffsetDateTime -> org.hibernate.type.BasicTypeReference@57ed02e6
2023-12-16T17:12:41.387+02:00 DEBUG 1980 --- [           main] org.hibernate.type.BasicTypeRegistry     : Adding type registration java.time.OffsetDateTime -> org.hibernate.type.BasicTypeReference@57ed02e6
2023-12-16T17:12:41.387+02:00 DEBUG 1980 --- [           main] org.hibernate.type.BasicTypeRegistry     : Adding type registration OffsetDateTimeWithTimezone -> org.hibernate.type.BasicTypeReference@39004e4f
2023-12-16T17:12:41.387+02:00 DEBUG 1980 --- [           main] org.hibernate.type.BasicTypeRegistry     : Adding type registration OffsetDateTimeWithoutTimezone -> org.hibernate.type.BasicTypeReference@5f0ca069
2023-12-16T17:12:41.387+02:00 DEBUG 1980 --- [           main] org.hibernate.type.BasicTypeRegistry     : Adding type registration OffsetTime -> org.hibernate.type.BasicTypeReference@6a6a2fdd
2023-12-16T17:12:41.388+02:00 DEBUG 1980 --- [           main] org.hibernate.type.BasicTypeRegistry     : Adding type registration java.time.OffsetTime -> org.hibernate.type.BasicTypeReference@6a6a2fdd
2023-12-16T17:12:41.388+02:00 DEBUG 1980 --- [           main] org.hibernate.type.BasicTypeRegistry     : Adding type registration OffsetTimeUtc -> org.hibernate.type.BasicTypeReference@552ffa44
2023-12-16T17:12:41.388+02:00 DEBUG 1980 --- [           main] org.hibernate.type.BasicTypeRegistry     : Adding type registration OffsetTimeWithTimezone -> org.hibernate.type.BasicTypeReference@6e66b498
2023-12-16T17:12:41.389+02:00 DEBUG 1980 --- [           main] org.hibernate.type.BasicTypeRegistry     : Adding type registration OffsetTimeWithoutTimezone -> org.hibernate.type.BasicTypeReference@54d35ed5
2023-12-16T17:12:41.390+02:00 DEBUG 1980 --- [           main] org.hibernate.type.BasicTypeRegistry     : Adding type registration ZonedDateTime -> org.hibernate.type.BasicTypeReference@6f7c9755
2023-12-16T17:12:41.392+02:00 DEBUG 1980 --- [           main] org.hibernate.type.BasicTypeRegistry     : Adding type registration java.time.ZonedDateTime -> org.hibernate.type.BasicTypeReference@6f7c9755
2023-12-16T17:12:41.392+02:00 DEBUG 1980 --- [           main] org.hibernate.type.BasicTypeRegistry     : Adding type registration ZonedDateTimeWithTimezone -> org.hibernate.type.BasicTypeReference@45abbd24
2023-12-16T17:12:41.394+02:00 DEBUG 1980 --- [           main] org.hibernate.type.BasicTypeRegistry     : Adding type registration ZonedDateTimeWithoutTimezone -> org.hibernate.type.BasicTypeReference@1e32037d
2023-12-16T17:12:41.395+02:00 DEBUG 1980 --- [           main] org.hibernate.type.BasicTypeRegistry     : Adding type registration date -> org.hibernate.type.BasicTypeReference@5059d398
2023-12-16T17:12:41.395+02:00 DEBUG 1980 --- [           main] org.hibernate.type.BasicTypeRegistry     : Adding type registration java.sql.Date -> org.hibernate.type.BasicTypeReference@5059d398
2023-12-16T17:12:41.395+02:00 DEBUG 1980 --- [           main] org.hibernate.type.BasicTypeRegistry     : Adding type registration time -> org.hibernate.type.BasicTypeReference@5b1420f9
2023-12-16T17:12:41.395+02:00 DEBUG 1980 --- [           main] org.hibernate.type.BasicTypeRegistry     : Adding type registration java.sql.Time -> org.hibernate.type.BasicTypeReference@5b1420f9
2023-12-16T17:12:41.395+02:00 DEBUG 1980 --- [           main] org.hibernate.type.BasicTypeRegistry     : Adding type registration timestamp -> org.hibernate.type.BasicTypeReference@434ee422
2023-12-16T17:12:41.401+02:00 DEBUG 1980 --- [           main] org.hibernate.type.BasicTypeRegistry     : Adding type registration java.sql.Timestamp -> org.hibernate.type.BasicTypeReference@434ee422
2023-12-16T17:12:41.402+02:00 DEBUG 1980 --- [           main] org.hibernate.type.BasicTypeRegistry     : Adding type registration java.util.Date -> org.hibernate.type.BasicTypeReference@434ee422
2023-12-16T17:12:41.402+02:00 DEBUG 1980 --- [           main] org.hibernate.type.BasicTypeRegistry     : Adding type registration calendar -> org.hibernate.type.BasicTypeReference@4de93edd
2023-12-16T17:12:41.402+02:00 DEBUG 1980 --- [           main] org.hibernate.type.BasicTypeRegistry     : Adding type registration java.util.Calendar -> org.hibernate.type.BasicTypeReference@4de93edd
2023-12-16T17:12:41.402+02:00 DEBUG 1980 --- [           main] org.hibernate.type.BasicTypeRegistry     : Adding type registration java.util.GregorianCalendar -> org.hibernate.type.BasicTypeReference@4de93edd
2023-12-16T17:12:41.402+02:00 DEBUG 1980 --- [           main] org.hibernate.type.BasicTypeRegistry     : Adding type registration calendar_date -> org.hibernate.type.BasicTypeReference@53b2e1eb
2023-12-16T17:12:41.402+02:00 DEBUG 1980 --- [           main] org.hibernate.type.BasicTypeRegistry     : Adding type registration calendar_time -> org.hibernate.type.BasicTypeReference@29db008c
2023-12-16T17:12:41.402+02:00 DEBUG 1980 --- [           main] org.hibernate.type.BasicTypeRegistry     : Adding type registration instant -> org.hibernate.type.BasicTypeReference@1d008e61
2023-12-16T17:12:41.403+02:00 DEBUG 1980 --- [           main] org.hibernate.type.BasicTypeRegistry     : Adding type registration java.time.Instant -> org.hibernate.type.BasicTypeReference@1d008e61
2023-12-16T17:12:41.403+02:00 DEBUG 1980 --- [           main] org.hibernate.type.BasicTypeRegistry     : Adding type registration uuid -> org.hibernate.type.BasicTypeReference@191b44ca
2023-12-16T17:12:41.403+02:00 DEBUG 1980 --- [           main] org.hibernate.type.BasicTypeRegistry     : Adding type registration java.util.UUID -> org.hibernate.type.BasicTypeReference@191b44ca
2023-12-16T17:12:41.403+02:00 DEBUG 1980 --- [           main] org.hibernate.type.BasicTypeRegistry     : Adding type registration pg-uuid -> org.hibernate.type.BasicTypeReference@191b44ca
2023-12-16T17:12:41.403+02:00 DEBUG 1980 --- [           main] org.hibernate.type.BasicTypeRegistry     : Adding type registration uuid-binary -> org.hibernate.type.BasicTypeReference@5de243bb
2023-12-16T17:12:41.403+02:00 DEBUG 1980 --- [           main] org.hibernate.type.BasicTypeRegistry     : Adding type registration uuid-char -> org.hibernate.type.BasicTypeReference@2c4cf7eb
2023-12-16T17:12:41.404+02:00 DEBUG 1980 --- [           main] org.hibernate.type.BasicTypeRegistry     : Adding type registration class -> org.hibernate.type.BasicTypeReference@35260785
2023-12-16T17:12:41.404+02:00 DEBUG 1980 --- [           main] org.hibernate.type.BasicTypeRegistry     : Adding type registration java.lang.Class -> org.hibernate.type.BasicTypeReference@35260785
2023-12-16T17:12:41.404+02:00 DEBUG 1980 --- [           main] org.hibernate.type.BasicTypeRegistry     : Adding type registration currency -> org.hibernate.type.BasicTypeReference@76d828ff
2023-12-16T17:12:41.405+02:00 DEBUG 1980 --- [           main] org.hibernate.type.BasicTypeRegistry     : Adding type registration Currency -> org.hibernate.type.BasicTypeReference@76d828ff
2023-12-16T17:12:41.405+02:00 DEBUG 1980 --- [           main] org.hibernate.type.BasicTypeRegistry     : Adding type registration java.util.Currency -> org.hibernate.type.BasicTypeReference@76d828ff
2023-12-16T17:12:41.406+02:00 DEBUG 1980 --- [           main] org.hibernate.type.BasicTypeRegistry     : Adding type registration locale -> org.hibernate.type.BasicTypeReference@39685204
2023-12-16T17:12:41.406+02:00 DEBUG 1980 --- [           main] org.hibernate.type.BasicTypeRegistry     : Adding type registration java.util.Locale -> org.hibernate.type.BasicTypeReference@39685204
2023-12-16T17:12:41.406+02:00 DEBUG 1980 --- [           main] org.hibernate.type.BasicTypeRegistry     : Adding type registration serializable -> org.hibernate.type.BasicTypeReference@72d0196d
2023-12-16T17:12:41.406+02:00 DEBUG 1980 --- [           main] org.hibernate.type.BasicTypeRegistry     : Adding type registration java.io.Serializable -> org.hibernate.type.BasicTypeReference@72d0196d
2023-12-16T17:12:41.406+02:00 DEBUG 1980 --- [           main] org.hibernate.type.BasicTypeRegistry     : Adding type registration timezone -> org.hibernate.type.BasicTypeReference@77cf329d
2023-12-16T17:12:41.406+02:00 DEBUG 1980 --- [           main] org.hibernate.type.BasicTypeRegistry     : Adding type registration java.util.TimeZone -> org.hibernate.type.BasicTypeReference@77cf329d
2023-12-16T17:12:41.407+02:00 DEBUG 1980 --- [           main] org.hibernate.type.BasicTypeRegistry     : Adding type registration ZoneOffset -> org.hibernate.type.BasicTypeReference@4067634b
2023-12-16T17:12:41.408+02:00 DEBUG 1980 --- [           main] org.hibernate.type.BasicTypeRegistry     : Adding type registration java.time.ZoneOffset -> org.hibernate.type.BasicTypeReference@4067634b
2023-12-16T17:12:41.408+02:00 DEBUG 1980 --- [           main] org.hibernate.type.BasicTypeRegistry     : Adding type registration url -> org.hibernate.type.BasicTypeReference@3b64f131
2023-12-16T17:12:41.408+02:00 DEBUG 1980 --- [           main] org.hibernate.type.BasicTypeRegistry     : Adding type registration java.net.URL -> org.hibernate.type.BasicTypeReference@3b64f131
2023-12-16T17:12:41.408+02:00 DEBUG 1980 --- [           main] org.hibernate.type.BasicTypeRegistry     : Adding type registration row_version -> org.hibernate.type.BasicTypeReference@490d9c41
2023-12-16T17:12:41.422+02:00 DEBUG 1980 --- [           main] org.hibernate.type.BasicTypeRegistry     : Adding type registration object -> org.hibernate.type.JavaObjectType@6104691c
2023-12-16T17:12:41.422+02:00 DEBUG 1980 --- [           main] org.hibernate.type.BasicTypeRegistry     : Adding type registration java.lang.Object -> org.hibernate.type.JavaObjectType@6104691c
2023-12-16T17:12:41.425+02:00 DEBUG 1980 --- [           main] org.hibernate.type.BasicTypeRegistry     : Adding type registration null -> org.hibernate.type.NullType@5bccef9f
2023-12-16T17:12:41.428+02:00 DEBUG 1980 --- [           main] org.hibernate.type.BasicTypeRegistry     : Adding type registration imm_date -> org.hibernate.type.BasicTypeReference@1136122a
2023-12-16T17:12:41.428+02:00 DEBUG 1980 --- [           main] org.hibernate.type.BasicTypeRegistry     : Adding type registration imm_time -> org.hibernate.type.BasicTypeReference@5a537a16
2023-12-16T17:12:41.429+02:00 DEBUG 1980 --- [           main] org.hibernate.type.BasicTypeRegistry     : Adding type registration imm_timestamp -> org.hibernate.type.BasicTypeReference@72288480
2023-12-16T17:12:41.429+02:00 DEBUG 1980 --- [           main] org.hibernate.type.BasicTypeRegistry     : Adding type registration imm_calendar -> org.hibernate.type.BasicTypeReference@4ea43d4d
2023-12-16T17:12:41.429+02:00 DEBUG 1980 --- [           main] org.hibernate.type.BasicTypeRegistry     : Adding type registration imm_calendar_date -> org.hibernate.type.BasicTypeReference@6f22c1f1
2023-12-16T17:12:41.429+02:00 DEBUG 1980 --- [           main] org.hibernate.type.BasicTypeRegistry     : Adding type registration imm_calendar_time -> org.hibernate.type.BasicTypeReference@2ee095c9
2023-12-16T17:12:41.429+02:00 DEBUG 1980 --- [           main] org.hibernate.type.BasicTypeRegistry     : Adding type registration imm_binary -> org.hibernate.type.BasicTypeReference@185a0811
2023-12-16T17:12:41.429+02:00 DEBUG 1980 --- [           main] org.hibernate.type.BasicTypeRegistry     : Adding type registration imm_serializable -> org.hibernate.type.BasicTypeReference@77fb1002
2023-12-16T17:12:41.449+02:00 DEBUG 1980 --- [           main] o.h.boot.internal.BootstrapContextImpl   : Injecting JPA temp ClassLoader [org.springframework.instrument.classloading.SimpleThrowawayClassLoader@8f09a02] into BootstrapContext; was [null]
2023-12-16T17:12:41.451+02:00 DEBUG 1980 --- [           main] o.h.boot.internal.ClassLoaderAccessImpl  : ClassLoaderAccessImpl#injectTempClassLoader(org.springframework.instrument.classloading.SimpleThrowawayClassLoader@8f09a02) [was null]
2023-12-16T17:12:41.532+02:00 DEBUG 1980 --- [           main] o.h.boot.internal.BootstrapContextImpl   : Injecting ScanEnvironment [org.hibernate.jpa.boot.internal.StandardJpaScanEnvironmentImpl@19213a74] into BootstrapContext; was [null]
2023-12-16T17:12:41.533+02:00 DEBUG 1980 --- [           main] o.h.boot.internal.BootstrapContextImpl   : Injecting ScanOptions [org.hibernate.boot.archive.scan.internal.StandardScanOptions@30a791a6] into BootstrapContext; was [org.hibernate.boot.archive.scan.internal.StandardScanOptions@719bb60d]
2023-12-16T17:12:41.645+02:00  INFO 1980 --- [           main] o.h.b.i.BytecodeProviderInitiator        : HHH000021: Bytecode provider name : bytebuddy
2023-12-16T17:12:43.827+02:00  INFO 1980 --- [           main] o.s.o.j.p.SpringPersistenceUnitInfo      : No LoadTimeWeaver setup: ignoring JPA class transformer
2023-12-16T17:12:43.828+02:00 DEBUG 1980 --- [           main] o.h.boot.internal.BootstrapContextImpl   : Injecting JPA temp ClassLoader [null] into BootstrapContext; was [org.springframework.instrument.classloading.SimpleThrowawayClassLoader@8f09a02]
2023-12-16T17:12:43.828+02:00 DEBUG 1980 --- [           main] o.h.boot.internal.ClassLoaderAccessImpl  : ClassLoaderAccessImpl#injectTempClassLoader(null) [was org.springframework.instrument.classloading.SimpleThrowawayClassLoader@8f09a02]
2023-12-16T17:12:44.076+02:00 DEBUG 1980 --- [           main] o.h.e.j.e.i.JdbcEnvironmentInitiator     : Database ->
       name : MySQL
    version : 8.0.33
      major : 8
      minor : 0
2023-12-16T17:12:44.076+02:00 DEBUG 1980 --- [           main] o.h.e.j.e.i.JdbcEnvironmentInitiator     : Driver ->
       name : MySQL Connector/J
    version : mysql-connector-j-8.0.33 (Revision: 7d6b0800528b6b25c68b52dc10d6c1c8429c100c)
      major : 8
      minor : 0
2023-12-16T17:12:44.076+02:00 DEBUG 1980 --- [           main] o.h.e.j.e.i.JdbcEnvironmentInitiator     : JDBC version : 4.2
2023-12-16T17:12:44.632+02:00  INFO 1980 --- [           main] org.hibernate.orm.dialect                : HHH035001: Using dialect: org.hibernate.dialect.MySQLDialect, version: 8.0.33
2023-12-16T17:12:44.654+02:00 DEBUG 1980 --- [           main] o.h.e.j.env.spi.IdentifierHelperBuilder  : JDBC driver metadata reported database stores quoted identifiers in more than one case
2023-12-16T17:12:44.655+02:00 DEBUG 1980 --- [           main] o.h.e.j.env.spi.IdentifierHelperBuilder  : IdentifierCaseStrategy for both quoted and unquoted identifiers was set to the same strategy [MIXED]; that will likely lead to problems in schema update and validation if using quoted identifiers
2023-12-16T17:12:44.694+02:00 DEBUG 1980 --- [           main] o.h.t.d.sql.spi.DdlTypeRegistry          : addDescriptor(12, org.hibernate.type.descriptor.sql.internal.CapacityDependentDdlType@ebff59d) replaced previous registration(org.hibernate.type.descriptor.sql.internal.CapacityDependentDdlType@3361d286)
2023-12-16T17:12:44.694+02:00 DEBUG 1980 --- [           main] o.h.t.d.sql.spi.DdlTypeRegistry          : addDescriptor(-9, org.hibernate.type.descriptor.sql.internal.CapacityDependentDdlType@6ee186f3) replaced previous registration(org.hibernate.type.descriptor.sql.internal.CapacityDependentDdlType@49fb693d)
2023-12-16T17:12:44.694+02:00 DEBUG 1980 --- [           main] o.h.t.d.sql.spi.DdlTypeRegistry          : addDescriptor(-3, org.hibernate.type.descriptor.sql.internal.CapacityDependentDdlType@38197e82) replaced previous registration(org.hibernate.type.descriptor.sql.internal.CapacityDependentDdlType@5516ee5)
2023-12-16T17:12:44.695+02:00 DEBUG 1980 --- [           main] o.h.t.d.sql.spi.DdlTypeRegistry          : addDescriptor(4003, org.hibernate.type.descriptor.sql.internal.DdlTypeImpl@6765b6a2) replaced previous registration(org.hibernate.type.descriptor.sql.internal.DdlTypeImpl@75c589f2)
2023-12-16T17:12:44.695+02:00 DEBUG 1980 --- [           main] o.h.t.d.sql.spi.DdlTypeRegistry          : addDescriptor(4001, org.hibernate.type.descriptor.sql.internal.DdlTypeImpl@6db04a6) replaced previous registration(org.hibernate.type.descriptor.sql.internal.DdlTypeImpl@8f374de)
2023-12-16T17:12:44.695+02:00 DEBUG 1980 --- [           main] o.h.t.d.sql.spi.DdlTypeRegistry          : addDescriptor(4002, org.hibernate.type.descriptor.sql.internal.DdlTypeImpl@426913c4) replaced previous registration(org.hibernate.type.descriptor.sql.internal.DdlTypeImpl@1bba9862)
2023-12-16T17:12:44.695+02:00 DEBUG 1980 --- [           main] o.h.t.d.sql.spi.DdlTypeRegistry          : addDescriptor(2004, org.hibernate.type.descriptor.sql.internal.CapacityDependentDdlType@451a4187) replaced previous registration(org.hibernate.type.descriptor.sql.internal.DdlTypeImpl@565c887e)
2023-12-16T17:12:44.696+02:00 DEBUG 1980 --- [           main] o.h.t.d.sql.spi.DdlTypeRegistry          : addDescriptor(2005, org.hibernate.type.descriptor.sql.internal.CapacityDependentDdlType@5c215642) replaced previous registration(org.hibernate.type.descriptor.sql.internal.DdlTypeImpl@1317ac2c)
2023-12-16T17:12:44.696+02:00 DEBUG 1980 --- [           main] o.h.t.d.sql.spi.DdlTypeRegistry          : addDescriptor(2011, org.hibernate.type.descriptor.sql.internal.CapacityDependentDdlType@416c1b0) replaced previous registration(org.hibernate.type.descriptor.sql.internal.DdlTypeImpl@363ba634)
2023-12-16T17:12:44.699+02:00 DEBUG 1980 --- [           main] o.h.t.d.jdbc.spi.JdbcTypeRegistry        : addDescriptor(NCharTypeDescriptor) replaced previous registration(CharTypeDescriptor)
2023-12-16T17:12:44.701+02:00 DEBUG 1980 --- [           main] o.h.t.d.jdbc.spi.JdbcTypeRegistry        : addDescriptor(NVarcharTypeDescriptor) replaced previous registration(VarcharTypeDescriptor)
2023-12-16T17:12:44.705+02:00 DEBUG 1980 --- [           main] o.h.t.d.jdbc.spi.JdbcTypeRegistry        : addDescriptor(LongNVarcharTypeDescriptor) replaced previous registration(LongVarcharTypeDescriptor)
2023-12-16T17:12:44.710+02:00 DEBUG 1980 --- [           main] o.h.t.d.jdbc.spi.JdbcTypeRegistry        : addDescriptor(NClobTypeDescriptor(DEFAULT)) replaced previous registration(ClobTypeDescriptor(DEFAULT))
2023-12-16T17:12:44.725+02:00 DEBUG 1980 --- [           main] o.h.t.d.jdbc.spi.JdbcTypeRegistry        : addDescriptor(2005, ClobTypeDescriptor(STREAM_BINDING)) replaced previous registration(ClobTypeDescriptor(DEFAULT))
2023-12-16T17:12:44.733+02:00 DEBUG 1980 --- [           main] org.hibernate.type.BasicTypeRegistry     : Adding type registration null -> org.hibernate.type.NullType@5dc120ab
2023-12-16T17:12:44.734+02:00 DEBUG 1980 --- [           main] org.hibernate.type.BasicTypeRegistry     : Type registration key [null] overrode previous entry : `org.hibernate.type.NullType@5bccef9f`
2023-12-16T17:12:44.762+02:00 DEBUG 1980 --- [           main] org.hibernate.type.BasicTypeRegistry     : Adding type registration org.hibernate.type.OffsetDateTimeType -> basicType@1(java.time.OffsetDateTime,3003)
2023-12-16T17:12:44.763+02:00 DEBUG 1980 --- [           main] org.hibernate.type.BasicTypeRegistry     : Adding type registration OffsetDateTime -> basicType@1(java.time.OffsetDateTime,3003)
2023-12-16T17:12:44.763+02:00 DEBUG 1980 --- [           main] org.hibernate.type.BasicTypeRegistry     : Adding type registration java.time.OffsetDateTime -> basicType@1(java.time.OffsetDateTime,3003)
2023-12-16T17:12:44.763+02:00 DEBUG 1980 --- [           main] org.hibernate.type.BasicTypeRegistry     : Adding type registration org.hibernate.type.ZonedDateTimeType -> basicType@2(java.time.ZonedDateTime,3003)
2023-12-16T17:12:44.763+02:00 DEBUG 1980 --- [           main] org.hibernate.type.BasicTypeRegistry     : Adding type registration ZonedDateTime -> basicType@2(java.time.ZonedDateTime,3003)
2023-12-16T17:12:44.763+02:00 DEBUG 1980 --- [           main] org.hibernate.type.BasicTypeRegistry     : Adding type registration java.time.ZonedDateTime -> basicType@2(java.time.ZonedDateTime,3003)
2023-12-16T17:12:44.765+02:00 DEBUG 1980 --- [           main] org.hibernate.type.BasicTypeRegistry     : Adding type registration org.hibernate.type.OffsetTimeType -> basicType@3(java.time.OffsetTime,3007)
2023-12-16T17:12:44.766+02:00 DEBUG 1980 --- [           main] org.hibernate.type.BasicTypeRegistry     : Adding type registration OffsetTime -> basicType@3(java.time.OffsetTime,3007)
2023-12-16T17:12:44.766+02:00 DEBUG 1980 --- [           main] org.hibernate.type.BasicTypeRegistry     : Adding type registration java.time.OffsetTime -> basicType@3(java.time.OffsetTime,3007)
2023-12-16T17:12:44.771+02:00 DEBUG 1980 --- [           main] o.h.type.spi.TypeConfiguration$Scope     : Scoping TypeConfiguration [org.hibernate.type.spi.TypeConfiguration@21dd9203] to MetadataBuildingContext [org.hibernate.boot.internal.MetadataBuildingContextRootImpl@dbcf7c3]
2023-12-16T17:12:45.091+02:00 DEBUG 1980 --- [           main] o.h.boot.model.relational.Namespace      : Created database namespace [logicalName=Name{catalog=null, schema=null}, physicalName=Name{catalog=null, schema=null}]
2023-12-16T17:12:45.208+02:00 DEBUG 1980 --- [           main] o.h.boot.model.internal.EntityBinder     : Binding entity from annotated class: com.springboot.mySpringBootCRUDapp.entity.Address
2023-12-16T17:12:45.231+02:00 DEBUG 1980 --- [           main] o.h.boot.model.internal.EntityBinder     : Import with entity name Address
2023-12-16T17:12:45.244+02:00 DEBUG 1980 --- [           main] o.h.boot.model.internal.EntityBinder     : Bind entity com.springboot.mySpringBootCRUDapp.entity.Address on table address
2023-12-16T17:12:45.271+02:00 DEBUG 1980 --- [           main] o.h.boot.model.internal.AnnotatedColumn  : Binding column: AnnotatedDiscriminatorColumn(column='DTYPE')
2023-12-16T17:12:45.340+02:00 DEBUG 1980 --- [           main] o.h.boot.model.internal.AnnotatedColumn  : Binding column: AnnotatedColumn(column='id')
2023-12-16T17:12:45.344+02:00 DEBUG 1980 --- [           main] o.h.boot.internal.ClassLoaderAccessImpl  : Not known whether passed class name [com.springboot.mySpringBootCRUDapp.entity.Address] is safe
2023-12-16T17:12:45.344+02:00 DEBUG 1980 --- [           main] o.h.boot.internal.ClassLoaderAccessImpl  : No temp ClassLoader provided; using live ClassLoader for loading potentially unsafe class : com.springboot.mySpringBootCRUDapp.entity.Address
2023-12-16T17:12:45.354+02:00 DEBUG 1980 --- [           main] o.h.boot.model.internal.PropertyBinder   : MetadataSourceProcessor property id with lazy=false
2023-12-16T17:12:45.367+02:00 DEBUG 1980 --- [           main] o.h.b.m.internal.AbstractPropertyHolder  : Attempting to locate auto-apply AttributeConverter for property [com.springboot.mySpringBootCRUDapp.entity.Address:id]
2023-12-16T17:12:45.380+02:00 DEBUG 1980 --- [           main] o.h.b.model.internal.BasicValueBinder    : building BasicValue for id
2023-12-16T17:12:45.390+02:00 DEBUG 1980 --- [           main] org.hibernate.mapping.BasicValue         : Skipping column re-registration: address.id
2023-12-16T17:12:45.392+02:00 DEBUG 1980 --- [           main] o.h.boot.model.internal.PropertyBinder   : Building property id
2023-12-16T17:12:45.397+02:00 DEBUG 1980 --- [           main] o.h.boot.model.internal.BinderHelper     : #makeIdGenerator(BasicValue([Column(id)]), id, identity, , ...)
2023-12-16T17:12:45.399+02:00 DEBUG 1980 --- [           main] o.h.boot.model.internal.AnnotatedColumn  : Binding column: AnnotatedColumn(column='city')
2023-12-16T17:12:45.400+02:00 DEBUG 1980 --- [           main] o.h.boot.model.internal.PropertyBinder   : MetadataSourceProcessor property city with lazy=false
2023-12-16T17:12:45.400+02:00 DEBUG 1980 --- [           main] o.h.b.m.internal.AbstractPropertyHolder  : Attempting to locate auto-apply AttributeConverter for property [com.springboot.mySpringBootCRUDapp.entity.Address:city]
2023-12-16T17:12:45.400+02:00 DEBUG 1980 --- [           main] o.h.b.model.internal.BasicValueBinder    : building BasicValue for city
2023-12-16T17:12:45.402+02:00 DEBUG 1980 --- [           main] org.hibernate.mapping.BasicValue         : Skipping column re-registration: address.city
2023-12-16T17:12:45.402+02:00 DEBUG 1980 --- [           main] o.h.boot.model.internal.PropertyBinder   : Building property city
2023-12-16T17:12:45.404+02:00 DEBUG 1980 --- [           main] o.h.boot.model.internal.AnnotatedColumn  : Binding column: AnnotatedColumn(column='country')
2023-12-16T17:12:45.405+02:00 DEBUG 1980 --- [           main] o.h.boot.model.internal.PropertyBinder   : MetadataSourceProcessor property country with lazy=false
2023-12-16T17:12:45.405+02:00 DEBUG 1980 --- [           main] o.h.b.m.internal.AbstractPropertyHolder  : Attempting to locate auto-apply AttributeConverter for property [com.springboot.mySpringBootCRUDapp.entity.Address:country]
2023-12-16T17:12:45.405+02:00 DEBUG 1980 --- [           main] o.h.b.model.internal.BasicValueBinder    : building BasicValue for country
2023-12-16T17:12:45.405+02:00 DEBUG 1980 --- [           main] org.hibernate.mapping.BasicValue         : Skipping column re-registration: address.country
2023-12-16T17:12:45.406+02:00 DEBUG 1980 --- [           main] o.h.boot.model.internal.PropertyBinder   : Building property country
2023-12-16T17:12:45.411+02:00 DEBUG 1980 --- [           main] o.h.boot.model.internal.AnnotatedColumn  : Binding column: AnnotatedJoinColumn()
2023-12-16T17:12:45.414+02:00 DEBUG 1980 --- [           main] o.h.boot.model.internal.AnnotatedColumn  : Binding column: AnnotatedColumn()
2023-12-16T17:12:45.425+02:00 DEBUG 1980 --- [           main] o.h.boot.model.internal.AnnotatedColumn  : Binding column: AnnotatedColumn(column='region')
2023-12-16T17:12:45.426+02:00 DEBUG 1980 --- [           main] o.h.boot.model.internal.PropertyBinder   : MetadataSourceProcessor property region with lazy=false
2023-12-16T17:12:45.426+02:00 DEBUG 1980 --- [           main] o.h.b.m.internal.AbstractPropertyHolder  : Attempting to locate auto-apply AttributeConverter for property [com.springboot.mySpringBootCRUDapp.entity.Address:region]
2023-12-16T17:12:45.426+02:00 DEBUG 1980 --- [           main] o.h.b.model.internal.BasicValueBinder    : building BasicValue for region
2023-12-16T17:12:45.427+02:00 DEBUG 1980 --- [           main] org.hibernate.mapping.BasicValue         : Skipping column re-registration: address.region
2023-12-16T17:12:45.427+02:00 DEBUG 1980 --- [           main] o.h.boot.model.internal.PropertyBinder   : Building property region
2023-12-16T17:12:45.428+02:00 DEBUG 1980 --- [           main] o.h.boot.model.internal.AnnotatedColumn  : Binding column: AnnotatedColumn(column='street')
2023-12-16T17:12:45.428+02:00 DEBUG 1980 --- [           main] o.h.boot.model.internal.PropertyBinder   : MetadataSourceProcessor property street with lazy=false
2023-12-16T17:12:45.428+02:00 DEBUG 1980 --- [           main] o.h.b.m.internal.AbstractPropertyHolder  : Attempting to locate auto-apply AttributeConverter for property [com.springboot.mySpringBootCRUDapp.entity.Address:street]
2023-12-16T17:12:45.428+02:00 DEBUG 1980 --- [           main] o.h.b.model.internal.BasicValueBinder    : building BasicValue for street
2023-12-16T17:12:45.428+02:00 DEBUG 1980 --- [           main] org.hibernate.mapping.BasicValue         : Skipping column re-registration: address.street
2023-12-16T17:12:45.429+02:00 DEBUG 1980 --- [           main] o.h.boot.model.internal.PropertyBinder   : Building property street
2023-12-16T17:12:45.429+02:00 DEBUG 1980 --- [           main] o.h.boot.model.internal.AnnotatedColumn  : Binding column: AnnotatedColumn(column='zip_code')
2023-12-16T17:12:45.430+02:00 DEBUG 1980 --- [           main] o.h.boot.model.internal.PropertyBinder   : MetadataSourceProcessor property zipCode with lazy=false
2023-12-16T17:12:45.430+02:00 DEBUG 1980 --- [           main] o.h.b.m.internal.AbstractPropertyHolder  : Attempting to locate auto-apply AttributeConverter for property [com.springboot.mySpringBootCRUDapp.entity.Address:zipCode]
2023-12-16T17:12:45.430+02:00 DEBUG 1980 --- [           main] o.h.b.model.internal.BasicValueBinder    : building BasicValue for zipCode
2023-12-16T17:12:45.430+02:00 DEBUG 1980 --- [           main] org.hibernate.mapping.BasicValue         : Skipping column re-registration: address.zip_code
2023-12-16T17:12:45.431+02:00 DEBUG 1980 --- [           main] o.h.boot.model.internal.PropertyBinder   : Building property zipCode
2023-12-16T17:12:45.443+02:00 DEBUG 1980 --- [           main] o.h.boot.model.internal.EntityBinder     : Binding entity from annotated class: com.springboot.mySpringBootCRUDapp.entity.ColorAmountInStock
2023-12-16T17:12:45.445+02:00 DEBUG 1980 --- [           main] o.h.boot.model.internal.EntityBinder     : Import with entity name ColorAmountInStock
2023-12-16T17:12:45.462+02:00 DEBUG 1980 --- [           main] o.h.boot.model.internal.EntityBinder     : Bind entity com.springboot.mySpringBootCRUDapp.entity.ColorAmountInStock on table color_amount_in_stock
2023-12-16T17:12:45.462+02:00 DEBUG 1980 --- [           main] o.h.boot.model.internal.AnnotatedColumn  : Binding column: AnnotatedDiscriminatorColumn(column='DTYPE')
2023-12-16T17:12:45.548+02:00 DEBUG 1980 --- [           main] o.h.boot.model.internal.AnnotatedColumn  : Binding column: AnnotatedColumn(column='id')
2023-12-16T17:12:45.549+02:00 DEBUG 1980 --- [           main] o.h.boot.internal.ClassLoaderAccessImpl  : Not known whether passed class name [com.springboot.mySpringBootCRUDapp.entity.ColorAmountInStock] is safe
2023-12-16T17:12:45.549+02:00 DEBUG 1980 --- [           main] o.h.boot.internal.ClassLoaderAccessImpl  : No temp ClassLoader provided; using live ClassLoader for loading potentially unsafe class : com.springboot.mySpringBootCRUDapp.entity.ColorAmountInStock
2023-12-16T17:12:45.549+02:00 DEBUG 1980 --- [           main] o.h.boot.model.internal.PropertyBinder   : MetadataSourceProcessor property id with lazy=false
2023-12-16T17:12:45.549+02:00 DEBUG 1980 --- [           main] o.h.b.m.internal.AbstractPropertyHolder  : Attempting to locate auto-apply AttributeConverter for property [com.springboot.mySpringBootCRUDapp.entity.ColorAmountInStock:id]
2023-12-16T17:12:45.550+02:00 DEBUG 1980 --- [           main] o.h.b.model.internal.BasicValueBinder    : building BasicValue for id
2023-12-16T17:12:45.550+02:00 DEBUG 1980 --- [           main] org.hibernate.mapping.BasicValue         : Skipping column re-registration: color_amount_in_stock.id
2023-12-16T17:12:45.550+02:00 DEBUG 1980 --- [           main] o.h.boot.model.internal.PropertyBinder   : Building property id
2023-12-16T17:12:45.555+02:00 DEBUG 1980 --- [           main] o.h.boot.model.internal.BinderHelper     : #makeIdGenerator(BasicValue([Column(id)]), id, identity, , ...)
2023-12-16T17:12:45.556+02:00 DEBUG 1980 --- [           main] o.h.boot.model.internal.AnnotatedColumn  : Binding column: AnnotatedColumn(column='color')
2023-12-16T17:12:45.557+02:00 DEBUG 1980 --- [           main] o.h.boot.model.internal.PropertyBinder   : MetadataSourceProcessor property color with lazy=false
2023-12-16T17:12:45.560+02:00 DEBUG 1980 --- [           main] o.h.b.m.internal.AbstractPropertyHolder  : Attempting to locate auto-apply AttributeConverter for property [com.springboot.mySpringBootCRUDapp.entity.ColorAmountInStock:color]
2023-12-16T17:12:45.561+02:00 DEBUG 1980 --- [           main] o.h.b.model.internal.BasicValueBinder    : building BasicValue for color
2023-12-16T17:12:45.569+02:00 DEBUG 1980 --- [           main] org.hibernate.mapping.BasicValue         : Skipping column re-registration: color_amount_in_stock.color
2023-12-16T17:12:45.571+02:00 DEBUG 1980 --- [           main] o.h.boot.model.internal.PropertyBinder   : Building property color
2023-12-16T17:12:45.572+02:00 DEBUG 1980 --- [           main] o.h.boot.model.internal.AnnotatedColumn  : Binding column: AnnotatedJoinColumn(column='product_id')
2023-12-16T17:12:45.577+02:00 DEBUG 1980 --- [           main] o.h.boot.model.internal.AnnotatedColumn  : Binding column: AnnotatedColumn()
2023-12-16T17:12:45.589+02:00 DEBUG 1980 --- [           main] o.h.boot.model.internal.PropertyBinder   : Building property product
2023-12-16T17:12:45.590+02:00 DEBUG 1980 --- [           main] o.h.boot.model.internal.AnnotatedColumn  : Binding column: AnnotatedColumn(column='units_in_stock')
2023-12-16T17:12:45.591+02:00 DEBUG 1980 --- [           main] o.h.boot.model.internal.PropertyBinder   : MetadataSourceProcessor property units_in_stock with lazy=false
2023-12-16T17:12:45.591+02:00 DEBUG 1980 --- [           main] o.h.b.m.internal.AbstractPropertyHolder  : Attempting to locate auto-apply AttributeConverter for property [com.springboot.mySpringBootCRUDapp.entity.ColorAmountInStock:units_in_stock]
2023-12-16T17:12:45.591+02:00 DEBUG 1980 --- [           main] o.h.b.model.internal.BasicValueBinder    : building BasicValue for units_in_stock
2023-12-16T17:12:45.591+02:00 DEBUG 1980 --- [           main] org.hibernate.mapping.BasicValue         : Skipping column re-registration: color_amount_in_stock.units_in_stock
2023-12-16T17:12:45.591+02:00 DEBUG 1980 --- [           main] o.h.boot.model.internal.PropertyBinder   : Building property units_in_stock
2023-12-16T17:12:45.593+02:00 DEBUG 1980 --- [           main] o.h.boot.model.internal.EntityBinder     : Binding entity from annotated class: com.springboot.mySpringBootCRUDapp.entity.ColorAmountOfOrderItem
2023-12-16T17:12:45.594+02:00 DEBUG 1980 --- [           main] o.h.boot.model.internal.EntityBinder     : Import with entity name ColorAmountOfOrderItem
2023-12-16T17:12:45.594+02:00 DEBUG 1980 --- [           main] o.h.boot.model.internal.EntityBinder     : Bind entity com.springboot.mySpringBootCRUDapp.entity.ColorAmountOfOrderItem on table color_amount_of_order_item
2023-12-16T17:12:45.595+02:00 DEBUG 1980 --- [           main] o.h.boot.model.internal.AnnotatedColumn  : Binding column: AnnotatedDiscriminatorColumn(column='DTYPE')
2023-12-16T17:12:45.599+02:00 DEBUG 1980 --- [           main] o.h.boot.model.internal.AnnotatedColumn  : Binding column: AnnotatedColumn(column='id')
2023-12-16T17:12:45.599+02:00 DEBUG 1980 --- [           main] o.h.boot.internal.ClassLoaderAccessImpl  : Not known whether passed class name [com.springboot.mySpringBootCRUDapp.entity.ColorAmountOfOrderItem] is safe
2023-12-16T17:12:45.602+02:00 DEBUG 1980 --- [           main] o.h.boot.internal.ClassLoaderAccessImpl  : No temp ClassLoader provided; using live ClassLoader for loading potentially unsafe class : com.springboot.mySpringBootCRUDapp.entity.ColorAmountOfOrderItem
2023-12-16T17:12:45.605+02:00 DEBUG 1980 --- [           main] o.h.boot.model.internal.PropertyBinder   : MetadataSourceProcessor property id with lazy=false
2023-12-16T17:12:45.605+02:00 DEBUG 1980 --- [           main] o.h.b.m.internal.AbstractPropertyHolder  : Attempting to locate auto-apply AttributeConverter for property [com.springboot.mySpringBootCRUDapp.entity.ColorAmountOfOrderItem:id]
2023-12-16T17:12:45.605+02:00 DEBUG 1980 --- [           main] o.h.b.model.internal.BasicValueBinder    : building BasicValue for id
2023-12-16T17:12:45.606+02:00 DEBUG 1980 --- [           main] org.hibernate.mapping.BasicValue         : Skipping column re-registration: color_amount_of_order_item.id
2023-12-16T17:12:45.606+02:00 DEBUG 1980 --- [           main] o.h.boot.model.internal.PropertyBinder   : Building property id
2023-12-16T17:12:45.606+02:00 DEBUG 1980 --- [           main] o.h.boot.model.internal.BinderHelper     : #makeIdGenerator(BasicValue([Column(id)]), id, identity, , ...)
2023-12-16T17:12:45.607+02:00 DEBUG 1980 --- [           main] o.h.boot.model.internal.AnnotatedColumn  : Binding column: AnnotatedColumn(column='color')
2023-12-16T17:12:45.607+02:00 DEBUG 1980 --- [           main] o.h.boot.model.internal.PropertyBinder   : MetadataSourceProcessor property color with lazy=false
2023-12-16T17:12:45.607+02:00 DEBUG 1980 --- [           main] o.h.b.m.internal.AbstractPropertyHolder  : Attempting to locate auto-apply AttributeConverter for property [com.springboot.mySpringBootCRUDapp.entity.ColorAmountOfOrderItem:color]
2023-12-16T17:12:45.607+02:00 DEBUG 1980 --- [           main] o.h.b.model.internal.BasicValueBinder    : building BasicValue for color
2023-12-16T17:12:45.608+02:00 DEBUG 1980 --- [           main] org.hibernate.mapping.BasicValue         : Skipping column re-registration: color_amount_of_order_item.color
2023-12-16T17:12:45.609+02:00 DEBUG 1980 --- [           main] o.h.boot.model.internal.PropertyBinder   : Building property color
2023-12-16T17:12:45.609+02:00 DEBUG 1980 --- [           main] o.h.boot.model.internal.AnnotatedColumn  : Binding column: AnnotatedJoinColumn(column='order_item_id')
2023-12-16T17:12:45.611+02:00 DEBUG 1980 --- [           main] o.h.boot.model.internal.AnnotatedColumn  : Binding column: AnnotatedColumn()
2023-12-16T17:12:45.611+02:00 DEBUG 1980 --- [           main] o.h.boot.model.internal.PropertyBinder   : Building property orderItem
2023-12-16T17:12:45.612+02:00 DEBUG 1980 --- [           main] o.h.boot.model.internal.AnnotatedColumn  : Binding column: AnnotatedColumn(column='units_of_order_item')
2023-12-16T17:12:45.612+02:00 DEBUG 1980 --- [           main] o.h.boot.model.internal.PropertyBinder   : MetadataSourceProcessor property quantity with lazy=false
2023-12-16T17:12:45.612+02:00 DEBUG 1980 --- [           main] o.h.b.m.internal.AbstractPropertyHolder  : Attempting to locate auto-apply AttributeConverter for property [com.springboot.mySpringBootCRUDapp.entity.ColorAmountOfOrderItem:quantity]
2023-12-16T17:12:45.612+02:00 DEBUG 1980 --- [           main] o.h.b.model.internal.BasicValueBinder    : building BasicValue for quantity
2023-12-16T17:12:45.612+02:00 DEBUG 1980 --- [           main] org.hibernate.mapping.BasicValue         : Skipping column re-registration: color_amount_of_order_item.units_of_order_item
2023-12-16T17:12:45.612+02:00 DEBUG 1980 --- [           main] o.h.boot.model.internal.PropertyBinder   : Building property quantity
2023-12-16T17:12:45.615+02:00 DEBUG 1980 --- [           main] o.h.boot.model.internal.EntityBinder     : Binding entity from annotated class: com.springboot.mySpringBootCRUDapp.entity.Country
2023-12-16T17:12:45.616+02:00 DEBUG 1980 --- [           main] o.h.boot.model.internal.EntityBinder     : Import with entity name Country
2023-12-16T17:12:45.619+02:00 DEBUG 1980 --- [           main] o.h.boot.model.internal.EntityBinder     : Bind entity com.springboot.mySpringBootCRUDapp.entity.Country on table country
2023-12-16T17:12:45.620+02:00 DEBUG 1980 --- [           main] o.h.boot.model.internal.AnnotatedColumn  : Binding column: AnnotatedDiscriminatorColumn(column='DTYPE')
2023-12-16T17:12:45.632+02:00 DEBUG 1980 --- [           main] o.h.boot.model.internal.AnnotatedColumn  : Binding column: AnnotatedColumn(column='id')
2023-12-16T17:12:45.632+02:00 DEBUG 1980 --- [           main] o.h.boot.internal.ClassLoaderAccessImpl  : Not known whether passed class name [com.springboot.mySpringBootCRUDapp.entity.Country] is safe
2023-12-16T17:12:45.632+02:00 DEBUG 1980 --- [           main] o.h.boot.internal.ClassLoaderAccessImpl  : No temp ClassLoader provided; using live ClassLoader for loading potentially unsafe class : com.springboot.mySpringBootCRUDapp.entity.Country
2023-12-16T17:12:45.632+02:00 DEBUG 1980 --- [           main] o.h.boot.model.internal.PropertyBinder   : MetadataSourceProcessor property id with lazy=false
2023-12-16T17:12:45.632+02:00 DEBUG 1980 --- [           main] o.h.b.m.internal.AbstractPropertyHolder  : Attempting to locate auto-apply AttributeConverter for property [com.springboot.mySpringBootCRUDapp.entity.Country:id]
2023-12-16T17:12:45.633+02:00 DEBUG 1980 --- [           main] o.h.b.model.internal.BasicValueBinder    : building BasicValue for id
2023-12-16T17:12:45.633+02:00 DEBUG 1980 --- [           main] org.hibernate.mapping.BasicValue         : Skipping column re-registration: country.id
2023-12-16T17:12:45.633+02:00 DEBUG 1980 --- [           main] o.h.boot.model.internal.PropertyBinder   : Building property id
2023-12-16T17:12:45.635+02:00 DEBUG 1980 --- [           main] o.h.boot.model.internal.BinderHelper     : #makeIdGenerator(BasicValue([Column(id)]), id, identity, , ...)
2023-12-16T17:12:45.636+02:00 DEBUG 1980 --- [           main] o.h.boot.model.internal.AnnotatedColumn  : Binding column: AnnotatedColumn(column='name')
2023-12-16T17:12:45.636+02:00 DEBUG 1980 --- [           main] o.h.boot.model.internal.PropertyBinder   : MetadataSourceProcessor property name with lazy=false
2023-12-16T17:12:45.636+02:00 DEBUG 1980 --- [           main] o.h.b.m.internal.AbstractPropertyHolder  : Attempting to locate auto-apply AttributeConverter for property [com.springboot.mySpringBootCRUDapp.entity.Country:name]
2023-12-16T17:12:45.637+02:00 DEBUG 1980 --- [           main] o.h.b.model.internal.BasicValueBinder    : building BasicValue for name
2023-12-16T17:12:45.637+02:00 DEBUG 1980 --- [           main] org.hibernate.mapping.BasicValue         : Skipping column re-registration: country.name
2023-12-16T17:12:45.637+02:00 DEBUG 1980 --- [           main] o.h.boot.model.internal.PropertyBinder   : Building property name
2023-12-16T17:12:45.638+02:00 DEBUG 1980 --- [           main] o.h.boot.model.internal.AnnotatedColumn  : Binding column: AnnotatedJoinColumn()
2023-12-16T17:12:45.640+02:00 DEBUG 1980 --- [           main] o.h.boot.model.internal.AnnotatedColumn  : Binding column: AnnotatedColumn()
2023-12-16T17:12:45.664+02:00 DEBUG 1980 --- [           main] o.h.boot.model.internal.AnnotatedColumn  : Binding column: IndexColumn(column='regions_ORDER')
2023-12-16T17:12:45.681+02:00 DEBUG 1980 --- [           main] o.h.boot.model.internal.AnnotatedColumn  : Binding column: AnnotatedColumn()
2023-12-16T17:12:45.689+02:00 DEBUG 1980 --- [           main] o.h.boot.model.internal.AnnotatedColumn  : Binding column: AnnotatedColumn(column='regions_KEY')
2023-12-16T17:12:45.692+02:00 DEBUG 1980 --- [           main] o.h.boot.model.internal.AnnotatedColumn  : Binding column: AnnotatedJoinColumn(column='regions_KEY')
2023-12-16T17:12:45.693+02:00 DEBUG 1980 --- [           main] o.h.boot.model.internal.AnnotatedColumn  : Binding column: AnnotatedJoinColumn()
2023-12-16T17:12:45.695+02:00 DEBUG 1980 --- [           main] o.h.boot.model.internal.AnnotatedColumn  : Binding column: AnnotatedJoinColumn()
2023-12-16T17:12:45.707+02:00 DEBUG 1980 --- [           main] o.h.b.model.internal.CollectionBinder    : Collection role: com.springboot.mySpringBootCRUDapp.entity.Country.regions
2023-12-16T17:12:45.711+02:00 DEBUG 1980 --- [           main] o.h.boot.model.internal.PropertyBinder   : Building property regions
2023-12-16T17:12:45.724+02:00 DEBUG 1980 --- [           main] o.h.boot.model.internal.EntityBinder     : Binding entity from annotated class: com.springboot.mySpringBootCRUDapp.entity.Customer
2023-12-16T17:12:45.724+02:00 DEBUG 1980 --- [           main] o.h.boot.model.internal.EntityBinder     : Import with entity name Customer
2023-12-16T17:12:45.725+02:00 DEBUG 1980 --- [           main] o.h.boot.model.internal.EntityBinder     : Bind entity com.springboot.mySpringBootCRUDapp.entity.Customer on table customer
2023-12-16T17:12:45.726+02:00 DEBUG 1980 --- [           main] o.h.boot.model.internal.AnnotatedColumn  : Binding column: AnnotatedDiscriminatorColumn(column='DTYPE')
2023-12-16T17:12:45.732+02:00 DEBUG 1980 --- [           main] o.h.boot.model.internal.AnnotatedColumn  : Binding column: AnnotatedColumn(column='id')
2023-12-16T17:12:45.739+02:00 DEBUG 1980 --- [           main] o.h.boot.internal.ClassLoaderAccessImpl  : Not known whether passed class name [com.springboot.mySpringBootCRUDapp.entity.Customer] is safe
2023-12-16T17:12:45.739+02:00 DEBUG 1980 --- [           main] o.h.boot.internal.ClassLoaderAccessImpl  : No temp ClassLoader provided; using live ClassLoader for loading potentially unsafe class : com.springboot.mySpringBootCRUDapp.entity.Customer
2023-12-16T17:12:45.740+02:00 DEBUG 1980 --- [           main] o.h.boot.model.internal.PropertyBinder   : MetadataSourceProcessor property id with lazy=false
2023-12-16T17:12:45.744+02:00 DEBUG 1980 --- [           main] o.h.b.m.internal.AbstractPropertyHolder  : Attempting to locate auto-apply AttributeConverter for property [com.springboot.mySpringBootCRUDapp.entity.Customer:id]
2023-12-16T17:12:45.744+02:00 DEBUG 1980 --- [           main] o.h.b.model.internal.BasicValueBinder    : building BasicValue for id
2023-12-16T17:12:45.744+02:00 DEBUG 1980 --- [           main] org.hibernate.mapping.BasicValue         : Skipping column re-registration: customer.id
2023-12-16T17:12:45.744+02:00 DEBUG 1980 --- [           main] o.h.boot.model.internal.PropertyBinder   : Building property id
2023-12-16T17:12:45.745+02:00 DEBUG 1980 --- [           main] o.h.boot.model.internal.BinderHelper     : #makeIdGenerator(BasicValue([Column(id)]), id, identity, , ...)
2023-12-16T17:12:45.745+02:00 DEBUG 1980 --- [           main] o.h.boot.model.internal.AnnotatedColumn  : Binding column: AnnotatedColumn(column='email')
2023-12-16T17:12:45.746+02:00 DEBUG 1980 --- [           main] o.h.boot.model.internal.PropertyBinder   : MetadataSourceProcessor property email with lazy=false
2023-12-16T17:12:45.746+02:00 DEBUG 1980 --- [           main] o.h.b.m.internal.AbstractPropertyHolder  : Attempting to locate auto-apply AttributeConverter for property [com.springboot.mySpringBootCRUDapp.entity.Customer:email]
2023-12-16T17:12:45.746+02:00 DEBUG 1980 --- [           main] o.h.b.model.internal.BasicValueBinder    : building BasicValue for email
2023-12-16T17:12:45.747+02:00 DEBUG 1980 --- [           main] org.hibernate.mapping.BasicValue         : Skipping column re-registration: customer.email
2023-12-16T17:12:45.747+02:00 DEBUG 1980 --- [           main] o.h.boot.model.internal.PropertyBinder   : Building property email
2023-12-16T17:12:45.748+02:00 DEBUG 1980 --- [           main] o.h.boot.model.internal.AnnotatedColumn  : Binding column: AnnotatedColumn(column='first_name')
2023-12-16T17:12:45.749+02:00 DEBUG 1980 --- [           main] o.h.boot.model.internal.PropertyBinder   : MetadataSourceProcessor property firstName with lazy=false
2023-12-16T17:12:45.749+02:00 DEBUG 1980 --- [           main] o.h.b.m.internal.AbstractPropertyHolder  : Attempting to locate auto-apply AttributeConverter for property [com.springboot.mySpringBootCRUDapp.entity.Customer:firstName]
2023-12-16T17:12:45.749+02:00 DEBUG 1980 --- [           main] o.h.b.model.internal.BasicValueBinder    : building BasicValue for firstName
2023-12-16T17:12:45.749+02:00 DEBUG 1980 --- [           main] org.hibernate.mapping.BasicValue         : Skipping column re-registration: customer.first_name
2023-12-16T17:12:45.750+02:00 DEBUG 1980 --- [           main] o.h.boot.model.internal.PropertyBinder   : Building property firstName
2023-12-16T17:12:45.752+02:00 DEBUG 1980 --- [           main] o.h.boot.model.internal.AnnotatedColumn  : Binding column: AnnotatedColumn(column='last_name')
2023-12-16T17:12:45.752+02:00 DEBUG 1980 --- [           main] o.h.boot.model.internal.PropertyBinder   : MetadataSourceProcessor property lastName with lazy=false
2023-12-16T17:12:45.756+02:00 DEBUG 1980 --- [           main] o.h.b.m.internal.AbstractPropertyHolder  : Attempting to locate auto-apply AttributeConverter for property [com.springboot.mySpringBootCRUDapp.entity.Customer:lastName]
2023-12-16T17:12:45.756+02:00 DEBUG 1980 --- [           main] o.h.b.model.internal.BasicValueBinder    : building BasicValue for lastName
2023-12-16T17:12:45.757+02:00 DEBUG 1980 --- [           main] org.hibernate.mapping.BasicValue         : Skipping column re-registration: customer.last_name
2023-12-16T17:12:45.758+02:00 DEBUG 1980 --- [           main] o.h.boot.model.internal.PropertyBinder   : Building property lastName
2023-12-16T17:12:45.759+02:00 DEBUG 1980 --- [           main] o.h.boot.model.internal.AnnotatedColumn  : Binding column: AnnotatedJoinColumn()
2023-12-16T17:12:45.760+02:00 DEBUG 1980 --- [           main] o.h.boot.model.internal.AnnotatedColumn  : Binding column: AnnotatedColumn()
2023-12-16T17:12:45.761+02:00 DEBUG 1980 --- [           main] o.h.boot.model.internal.AnnotatedColumn  : Binding column: IndexColumn(column='orders_ORDER')
2023-12-16T17:12:45.763+02:00 DEBUG 1980 --- [           main] o.h.boot.model.internal.AnnotatedColumn  : Binding column: AnnotatedColumn()
2023-12-16T17:12:45.773+02:00 DEBUG 1980 --- [           main] o.h.boot.model.internal.AnnotatedColumn  : Binding column: AnnotatedColumn(column='orders_KEY')
2023-12-16T17:12:45.777+02:00 DEBUG 1980 --- [           main] o.h.boot.model.internal.AnnotatedColumn  : Binding column: AnnotatedJoinColumn(column='orders_KEY')
2023-12-16T17:12:45.777+02:00 DEBUG 1980 --- [           main] o.h.boot.model.internal.AnnotatedColumn  : Binding column: AnnotatedJoinColumn()
2023-12-16T17:12:45.777+02:00 DEBUG 1980 --- [           main] o.h.boot.model.internal.AnnotatedColumn  : Binding column: AnnotatedJoinColumn()
2023-12-16T17:12:45.777+02:00 DEBUG 1980 --- [           main] o.h.b.model.internal.CollectionBinder    : Collection role: com.springboot.mySpringBootCRUDapp.entity.Customer.orders
2023-12-16T17:12:45.777+02:00 DEBUG 1980 --- [           main] o.h.boot.model.internal.PropertyBinder   : Building property orders
2023-12-16T17:12:45.779+02:00 DEBUG 1980 --- [           main] o.h.boot.model.internal.AnnotatedColumn  : Binding column: AnnotatedColumn(column='phone_number')
2023-12-16T17:12:45.779+02:00 DEBUG 1980 --- [           main] o.h.boot.model.internal.PropertyBinder   : MetadataSourceProcessor property phoneNumber with lazy=false
2023-12-16T17:12:45.780+02:00 DEBUG 1980 --- [           main] o.h.b.m.internal.AbstractPropertyHolder  : Attempting to locate auto-apply AttributeConverter for property [com.springboot.mySpringBootCRUDapp.entity.Customer:phoneNumber]
2023-12-16T17:12:45.793+02:00 DEBUG 1980 --- [           main] o.h.b.model.internal.BasicValueBinder    : building BasicValue for phoneNumber
2023-12-16T17:12:45.793+02:00 DEBUG 1980 --- [           main] org.hibernate.mapping.BasicValue         : Skipping column re-registration: customer.phone_number
2023-12-16T17:12:45.794+02:00 DEBUG 1980 --- [           main] o.h.boot.model.internal.PropertyBinder   : Building property phoneNumber
2023-12-16T17:12:45.797+02:00 DEBUG 1980 --- [           main] o.h.boot.model.internal.EntityBinder     : Binding entity from annotated class: com.springboot.mySpringBootCRUDapp.entity.Order
2023-12-16T17:12:45.798+02:00 DEBUG 1980 --- [           main] o.h.boot.model.internal.EntityBinder     : Import with entity name Order
2023-12-16T17:12:45.812+02:00 DEBUG 1980 --- [           main] o.h.boot.model.internal.EntityBinder     : Bind entity com.springboot.mySpringBootCRUDapp.entity.Order on table orders
2023-12-16T17:12:45.813+02:00 DEBUG 1980 --- [           main] o.h.boot.model.internal.AnnotatedColumn  : Binding column: AnnotatedDiscriminatorColumn(column='DTYPE')
2023-12-16T17:12:45.825+02:00 DEBUG 1980 --- [           main] o.h.boot.model.internal.AnnotatedColumn  : Binding column: AnnotatedColumn(column='id')
2023-12-16T17:12:45.825+02:00 DEBUG 1980 --- [           main] o.h.boot.internal.ClassLoaderAccessImpl  : Not known whether passed class name [com.springboot.mySpringBootCRUDapp.entity.Order] is safe
2023-12-16T17:12:45.825+02:00 DEBUG 1980 --- [           main] o.h.boot.internal.ClassLoaderAccessImpl  : No temp ClassLoader provided; using live ClassLoader for loading potentially unsafe class : com.springboot.mySpringBootCRUDapp.entity.Order
2023-12-16T17:12:45.825+02:00 DEBUG 1980 --- [           main] o.h.boot.model.internal.PropertyBinder   : MetadataSourceProcessor property id with lazy=false
2023-12-16T17:12:45.825+02:00 DEBUG 1980 --- [           main] o.h.b.m.internal.AbstractPropertyHolder  : Attempting to locate auto-apply AttributeConverter for property [com.springboot.mySpringBootCRUDapp.entity.Order:id]
2023-12-16T17:12:45.825+02:00 DEBUG 1980 --- [           main] o.h.b.model.internal.BasicValueBinder    : building BasicValue for id
2023-12-16T17:12:45.829+02:00 DEBUG 1980 --- [           main] org.hibernate.mapping.BasicValue         : Skipping column re-registration: orders.id
2023-12-16T17:12:45.832+02:00 DEBUG 1980 --- [           main] o.h.boot.model.internal.PropertyBinder   : Building property id
2023-12-16T17:12:45.834+02:00 DEBUG 1980 --- [           main] o.h.boot.model.internal.BinderHelper     : #makeIdGenerator(BasicValue([Column(id)]), id, identity, , ...)
2023-12-16T17:12:45.836+02:00 DEBUG 1980 --- [           main] o.h.boot.model.internal.AnnotatedColumn  : Binding column: AnnotatedJoinColumn(column='address_id',referencedColumn='id')
2023-12-16T17:12:45.836+02:00 DEBUG 1980 --- [           main] o.h.boot.model.internal.AnnotatedColumn  : Binding column: AnnotatedColumn()
2023-12-16T17:12:45.837+02:00 DEBUG 1980 --- [           main] o.h.boot.model.internal.PropertyBinder   : Building property address
2023-12-16T17:12:45.837+02:00 DEBUG 1980 --- [           main] o.h.boot.model.internal.AnnotatedColumn  : Binding column: AnnotatedJoinColumn(column='customer_id')
2023-12-16T17:12:45.838+02:00 DEBUG 1980 --- [           main] o.h.boot.model.internal.AnnotatedColumn  : Binding column: AnnotatedColumn()
2023-12-16T17:12:45.838+02:00 DEBUG 1980 --- [           main] o.h.boot.model.internal.PropertyBinder   : Building property customer
2023-12-16T17:12:45.841+02:00 DEBUG 1980 --- [           main] o.h.boot.model.internal.AnnotatedColumn  : Binding column: AnnotatedColumn(column='date_created')
2023-12-16T17:12:45.842+02:00 DEBUG 1980 --- [           main] o.h.boot.model.internal.PropertyBinder   : MetadataSourceProcessor property dateCreated with lazy=false
2023-12-16T17:12:45.842+02:00 DEBUG 1980 --- [           main] o.h.b.m.internal.AbstractPropertyHolder  : Attempting to locate auto-apply AttributeConverter for property [com.springboot.mySpringBootCRUDapp.entity.Order:dateCreated]
2023-12-16T17:12:45.842+02:00 DEBUG 1980 --- [           main] o.h.b.model.internal.BasicValueBinder    : building BasicValue for dateCreated
2023-12-16T17:12:45.842+02:00 DEBUG 1980 --- [           main] org.hibernate.mapping.BasicValue         : Skipping column re-registration: orders.date_created
2023-12-16T17:12:45.842+02:00 DEBUG 1980 --- [           main] o.h.boot.model.internal.PropertyBinder   : Building property dateCreated
2023-12-16T17:12:45.844+02:00 DEBUG 1980 --- [           main] o.h.boot.model.internal.AnnotatedColumn  : Binding column: AnnotatedColumn(column='items_price')
2023-12-16T17:12:45.844+02:00 DEBUG 1980 --- [           main] o.h.boot.model.internal.PropertyBinder   : MetadataSourceProcessor property itemsPrice with lazy=false
2023-12-16T17:12:45.844+02:00 DEBUG 1980 --- [           main] o.h.b.m.internal.AbstractPropertyHolder  : Attempting to locate auto-apply AttributeConverter for property [com.springboot.mySpringBootCRUDapp.entity.Order:itemsPrice]
2023-12-16T17:12:45.844+02:00 DEBUG 1980 --- [           main] o.h.b.model.internal.BasicValueBinder    : building BasicValue for itemsPrice
2023-12-16T17:12:45.845+02:00 DEBUG 1980 --- [           main] org.hibernate.mapping.BasicValue         : Skipping column re-registration: orders.items_price
2023-12-16T17:12:45.845+02:00 DEBUG 1980 --- [           main] o.h.boot.model.internal.PropertyBinder   : Building property itemsPrice
2023-12-16T17:12:45.845+02:00 DEBUG 1980 --- [           main] o.h.boot.model.internal.AnnotatedColumn  : Binding column: AnnotatedColumn(column='items_quantity')
2023-12-16T17:12:45.845+02:00 DEBUG 1980 --- [           main] o.h.boot.model.internal.PropertyBinder   : MetadataSourceProcessor property itemsQuantity with lazy=false
2023-12-16T17:12:45.846+02:00 DEBUG 1980 --- [           main] o.h.b.m.internal.AbstractPropertyHolder  : Attempting to locate auto-apply AttributeConverter for property [com.springboot.mySpringBootCRUDapp.entity.Order:itemsQuantity]
2023-12-16T17:12:45.846+02:00 DEBUG 1980 --- [           main] o.h.b.model.internal.BasicValueBinder    : building BasicValue for itemsQuantity
2023-12-16T17:12:45.846+02:00 DEBUG 1980 --- [           main] org.hibernate.mapping.BasicValue         : Skipping column re-registration: orders.items_quantity
2023-12-16T17:12:45.846+02:00 DEBUG 1980 --- [           main] o.h.boot.model.internal.PropertyBinder   : Building property itemsQuantity
2023-12-16T17:12:45.855+02:00 DEBUG 1980 --- [           main] o.h.boot.model.internal.AnnotatedColumn  : Binding column: AnnotatedColumn(column='last_updated')
2023-12-16T17:12:45.855+02:00 DEBUG 1980 --- [           main] o.h.boot.model.internal.PropertyBinder   : MetadataSourceProcessor property lastUpdated with lazy=false
2023-12-16T17:12:45.855+02:00 DEBUG 1980 --- [           main] o.h.b.m.internal.AbstractPropertyHolder  : Attempting to locate auto-apply AttributeConverter for property [com.springboot.mySpringBootCRUDapp.entity.Order:lastUpdated]
2023-12-16T17:12:45.855+02:00 DEBUG 1980 --- [           main] o.h.b.model.internal.BasicValueBinder    : building BasicValue for lastUpdated
[...]
	at org.springframework.beans.factory.support.AbstractAutowireCapableBeanFactory.initializeBean(AbstractAutowireCapableBeanFactory.java:1766) ~[spring-beans-6.0.9.jar:6.0.9]
	at org.springframework.beans.factory.support.AbstractAutowireCapableBeanFactory.doCreateBean(AbstractAutowireCapableBeanFactory.java:598) ~[spring-beans-6.0.9.jar:6.0.9]
	at org.springframework.beans.factory.support.AbstractAutowireCapableBeanFactory.createBean(AbstractAutowireCapableBeanFactory.java:520) ~[spring-beans-6.0.9.jar:6.0.9]
	at org.springframework.beans.factory.support.AbstractBeanFactory.lambda$doGetBean$0(AbstractBeanFactory.java:326) ~[spring-beans-6.0.9.jar:6.0.9]
	at org.springframework.beans.factory.support.DefaultSingletonBeanRegistry.getSingleton(DefaultSingletonBeanRegistry.java:234) ~[spring-beans-6.0.9.jar:6.0.9]
	at org.springframework.beans.factory.support.AbstractBeanFactory.doGetBean(AbstractBeanFactory.java:324) ~[spring-beans-6.0.9.jar:6.0.9]
	at org.springframework.beans.factory.support.AbstractBeanFactory.getBean(AbstractBeanFactory.java:205) ~[spring-beans-6.0.9.jar:6.0.9]
	at org.springframework.context.support.AbstractApplicationContext.getBean(AbstractApplicationContext.java:1162) ~[spring-context-6.0.9.jar:6.0.9]
	at org.springframework.security.config.annotation.web.AbstractRequestMatcherRegistry.createMvcMatchers(AbstractRequestMatcherRegistry.java:106) ~[spring-security-config-6.1.0.jar:6.1.0]
	at org.springframework.security.config.annotation.web.AbstractRequestMatcherRegistry.requestMatchers(AbstractRequestMatcherRegistry.java:184) ~[spring-security-config-6.1.0.jar:6.1.0]
	at org.springframework.security.config.annotation.web.AbstractRequestMatcherRegistry.requestMatchers(AbstractRequestMatcherRegistry.java:211) ~[spring-security-config-6.1.0.jar:6.1.0]
	at com.springboot.mySpringBootCRUDapp.config.AppSecurityConfig.lambda$filterChain$0(AppSecurityConfig.java:19) ~[classes/:na]
	at org.springframework.security.config.annotation.web.builders.HttpSecurity.authorizeHttpRequests(HttpSecurity.java:1442) ~[spring-security-config-6.1.0.jar:6.1.0]
	at com.springboot.mySpringBootCRUDapp.config.AppSecurityConfig.filterChain(AppSecurityConfig.java:17) ~[classes/:na]
	at com.springboot.mySpringBootCRUDapp.config.AppSecurityConfig$$SpringCGLIB$$0.CGLIB$filterChain$0(<generated>) ~[classes/:na]
	at com.springboot.mySpringBootCRUDapp.config.AppSecurityConfig$$SpringCGLIB$$2.invoke(<generated>) ~[classes/:na]
	at org.springframework.cglib.proxy.MethodProxy.invokeSuper(MethodProxy.java:258) ~[spring-core-6.0.9.jar:6.0.9]
	at org.springframework.context.annotation.ConfigurationClassEnhancer$BeanMethodInterceptor.intercept(ConfigurationClassEnhancer.java:331) ~[spring-context-6.0.9.jar:6.0.9]
	at com.springboot.mySpringBootCRUDapp.config.AppSecurityConfig$$SpringCGLIB$$0.filterChain(<generated>) ~[classes/:na]
	at java.base/jdk.internal.reflect.NativeMethodAccessorImpl.invoke0(Native Method) ~[na:na]
	at java.base/jdk.internal.reflect.NativeMethodAccessorImpl.invoke(NativeMethodAccessorImpl.java:77) ~[na:na]
	at java.base/jdk.internal.reflect.DelegatingMethodAccessorImpl.invoke(DelegatingMethodAccessorImpl.java:43) ~[na:na]
	at java.base/java.lang.reflect.Method.invoke(Method.java:568) ~[na:na]
	at org.springframework.beans.factory.support.SimpleInstantiationStrategy.instantiate(SimpleInstantiationStrategy.java:139) ~[spring-beans-6.0.9.jar:6.0.9]
	at org.springframework.beans.factory.support.ConstructorResolver.instantiate(ConstructorResolver.java:655) ~[spring-beans-6.0.9.jar:6.0.9]
	at org.springframework.beans.factory.support.ConstructorResolver.instantiateUsingFactoryMethod(ConstructorResolver.java:647) ~[spring-beans-6.0.9.jar:6.0.9]
	at org.springframework.beans.factory.support.AbstractAutowireCapableBeanFactory.instantiateUsingFactoryMethod(AbstractAutowireCapableBeanFactory.java:1332) ~[spring-beans-6.0.9.jar:6.0.9]
	at org.springframework.beans.factory.support.AbstractAutowireCapableBeanFactory.createBeanInstance(AbstractAutowireCapableBeanFactory.java:1162) ~[spring-beans-6.0.9.jar:6.0.9]
	at org.springframework.beans.factory.support.AbstractAutowireCapableBeanFactory.doCreateBean(AbstractAutowireCapableBeanFactory.java:560) ~[spring-beans-6.0.9.jar:6.0.9]
	at org.springframework.beans.factory.support.AbstractAutowireCapableBeanFactory.createBean(AbstractAutowireCapableBeanFactory.java:520) ~[spring-beans-6.0.9.jar:6.0.9]
	at org.springframework.beans.factory.support.AbstractBeanFactory.lambda$doGetBean$0(AbstractBeanFactory.java:326) ~[spring-beans-6.0.9.jar:6.0.9]
	at org.springframework.beans.factory.support.DefaultSingletonBeanRegistry.getSingleton(DefaultSingletonBeanRegistry.java:234) ~[spring-beans-6.0.9.jar:6.0.9]
	at org.springframework.beans.factory.support.AbstractBeanFactory.doGetBean(AbstractBeanFactory.java:324) ~[spring-beans-6.0.9.jar:6.0.9]
	at org.springframework.beans.factory.support.AbstractBeanFactory.getBean(AbstractBeanFactory.java:200) ~[spring-beans-6.0.9.jar:6.0.9]
	at org.springframework.beans.factory.support.DefaultListableBeanFactory.preInstantiateSingletons(DefaultListableBeanFactory.java:973) ~[spring-beans-6.0.9.jar:6.0.9]
	at org.springframework.context.support.AbstractApplicationContext.finishBeanFactoryInitialization(AbstractApplicationContext.java:941) ~[spring-context-6.0.9.jar:6.0.9]
	at org.springframework.context.support.AbstractApplicationContext.refresh(AbstractApplicationContext.java:608) ~[spring-context-6.0.9.jar:6.0.9]
	at org.springframework.boot.web.servlet.context.ServletWebServerApplicationContext.refresh(ServletWebServerApplicationContext.java:146) ~[spring-boot-3.1.0.jar:3.1.0]
	at org.springframework.boot.SpringApplication.refresh(SpringApplication.java:733) ~[spring-boot-3.1.0.jar:3.1.0]
	at org.springframework.boot.SpringApplication.refreshContext(SpringApplication.java:435) ~[spring-boot-3.1.0.jar:3.1.0]
	at org.springframework.boot.SpringApplication.run(SpringApplication.java:311) ~[spring-boot-3.1.0.jar:3.1.0]
	at org.springframework.boot.test.context.SpringBootContextLoader.lambda$loadContext$3(SpringBootContextLoader.java:137) ~[spring-boot-test-3.1.0.jar:3.1.0]
	at org.springframework.util.function.ThrowingSupplier.get(ThrowingSupplier.java:58) ~[spring-core-6.0.9.jar:6.0.9]
	at org.springframework.util.function.ThrowingSupplier.get(ThrowingSupplier.java:46) ~[spring-core-6.0.9.jar:6.0.9]
	at org.springframework.boot.SpringApplication.withHook(SpringApplication.java:1405) ~[spring-boot-3.1.0.jar:3.1.0]
	at org.springframework.boot.test.context.SpringBootContextLoader$ContextLoaderHook.run(SpringBootContextLoader.java:545) ~[spring-boot-test-3.1.0.jar:3.1.0]
	at org.springframework.boot.test.context.SpringBootContextLoader.loadContext(SpringBootContextLoader.java:137) ~[spring-boot-test-3.1.0.jar:3.1.0]
	at org.springframework.boot.test.context.SpringBootContextLoader.loadContext(SpringBootContextLoader.java:108) ~[spring-boot-test-3.1.0.jar:3.1.0]
	at org.springframework.test.context.cache.DefaultCacheAwareContextLoaderDelegate.loadContextInternal(DefaultCacheAwareContextLoaderDelegate.java:184) ~[spring-test-6.0.9.jar:6.0.9]
	at org.springframework.test.context.cache.DefaultCacheAwareContextLoaderDelegate.loadContext(DefaultCacheAwareContextLoaderDelegate.java:118) ~[spring-test-6.0.9.jar:6.0.9]
	at org.springframework.test.context.support.DefaultTestContext.getApplicationContext(DefaultTestContext.java:127) ~[spring-test-6.0.9.jar:6.0.9]
	at org.springframework.test.context.support.DependencyInjectionTestExecutionListener.injectDependencies(DependencyInjectionTestExecutionListener.java:141) ~[spring-test-6.0.9.jar:6.0.9]
	at org.springframework.test.context.support.DependencyInjectionTestExecutionListener.prepareTestInstance(DependencyInjectionTestExecutionListener.java:97) ~[spring-test-6.0.9.jar:6.0.9]
	at org.springframework.test.context.TestContextManager.prepareTestInstance(TestContextManager.java:241) ~[spring-test-6.0.9.jar:6.0.9]
	at org.springframework.test.context.junit.jupiter.SpringExtension.postProcessTestInstance(SpringExtension.java:138) ~[spring-test-6.0.9.jar:6.0.9]
	at org.junit.jupiter.engine.descriptor.ClassBasedTestDescriptor.lambda$invokeTestInstancePostProcessors$10(ClassBasedTestDescriptor.java:377) ~[junit-jupiter-engine-5.9.3.jar:5.9.3]
	at org.junit.jupiter.engine.descriptor.ClassBasedTestDescriptor.executeAndMaskThrowable(ClassBasedTestDescriptor.java:382) ~[junit-jupiter-engine-5.9.3.jar:5.9.3]
	at org.junit.jupiter.engine.descriptor.ClassBasedTestDescriptor.lambda$invokeTestInstancePostProcessors$11(ClassBasedTestDescriptor.java:377) ~[junit-jupiter-engine-5.9.3.jar:5.9.3]
	at java.base/java.util.stream.ReferencePipeline$3$1.accept(ReferencePipeline.java:197) ~[na:na]
	at java.base/java.util.stream.ReferencePipeline$2$1.accept(ReferencePipeline.java:179) ~[na:na]
	at java.base/java.util.ArrayList$ArrayListSpliterator.forEachRemaining(ArrayList.java:1625) ~[na:na]
	at java.base/java.util.stream.AbstractPipeline.copyInto(AbstractPipeline.java:509) ~[na:na]
	at java.base/java.util.stream.AbstractPipeline.wrapAndCopyInto(AbstractPipeline.java:499) ~[na:na]
	at java.base/java.util.stream.StreamSpliterators$WrappingSpliterator.forEachRemaining(StreamSpliterators.java:310) ~[na:na]
	at java.base/java.util.stream.Streams$ConcatSpliterator.forEachRemaining(Streams.java:735) ~[na:na]
	at java.base/java.util.stream.Streams$ConcatSpliterator.forEachRemaining(Streams.java:734) ~[na:na]
	at java.base/java.util.stream.ReferencePipeline$Head.forEach(ReferencePipeline.java:762) ~[na:na]
	at org.junit.jupiter.engine.descriptor.ClassBasedTestDescriptor.invokeTestInstancePostProcessors(ClassBasedTestDescriptor.java:376) ~[junit-jupiter-engine-5.9.3.jar:5.9.3]
	at org.junit.jupiter.engine.descriptor.ClassBasedTestDescriptor.lambda$instantiateAndPostProcessTestInstance$6(ClassBasedTestDescriptor.java:289) ~[junit-jupiter-engine-5.9.3.jar:5.9.3]
	at org.junit.platform.engine.support.hierarchical.ThrowableCollector.execute(ThrowableCollector.java:73) ~[junit-platform-engine-1.9.3.jar:1.9.3]
	at org.junit.jupiter.engine.descriptor.ClassBasedTestDescriptor.instantiateAndPostProcessTestInstance(ClassBasedTestDescriptor.java:288) ~[junit-jupiter-engine-5.9.3.jar:5.9.3]
	at org.junit.jupiter.engine.descriptor.ClassBasedTestDescriptor.lambda$testInstancesProvider$4(ClassBasedTestDescriptor.java:278) ~[junit-jupiter-engine-5.9.3.jar:5.9.3]
	at java.base/java.util.Optional.orElseGet(Optional.java:364) ~[na:na]
	at org.junit.jupiter.engine.descriptor.ClassBasedTestDescriptor.lambda$testInstancesProvider$5(ClassBasedTestDescriptor.java:277) ~[junit-jupiter-engine-5.9.3.jar:5.9.3]
	at org.junit.jupiter.engine.execution.TestInstancesProvider.getTestInstances(TestInstancesProvider.java:31) ~[junit-jupiter-engine-5.9.3.jar:5.9.3]
	at org.junit.jupiter.engine.descriptor.TestMethodTestDescriptor.lambda$prepare$0(TestMethodTestDescriptor.java:105) ~[junit-jupiter-engine-5.9.3.jar:5.9.3]
	at org.junit.platform.engine.support.hierarchical.ThrowableCollector.execute(ThrowableCollector.java:73) ~[junit-platform-engine-1.9.3.jar:1.9.3]
	at org.junit.jupiter.engine.descriptor.TestMethodTestDescriptor.prepare(TestMethodTestDescriptor.java:104) ~[junit-jupiter-engine-5.9.3.jar:5.9.3]
	at org.junit.jupiter.engine.descriptor.TestMethodTestDescriptor.prepare(TestMethodTestDescriptor.java:68) ~[junit-jupiter-engine-5.9.3.jar:5.9.3]
	at org.junit.platform.engine.support.hierarchical.NodeTestTask.lambda$prepare$2(NodeTestTask.java:123) ~[junit-platform-engine-1.9.3.jar:1.9.3]
	at org.junit.platform.engine.support.hierarchical.ThrowableCollector.execute(ThrowableCollector.java:73) ~[junit-platform-engine-1.9.3.jar:1.9.3]
	at org.junit.platform.engine.support.hierarchical.NodeTestTask.prepare(NodeTestTask.java:123) ~[junit-platform-engine-1.9.3.jar:1.9.3]
	at org.junit.platform.engine.support.hierarchical.NodeTestTask.execute(NodeTestTask.java:90) ~[junit-platform-engine-1.9.3.jar:1.9.3]
	at java.base/java.util.ArrayList.forEach(ArrayList.java:1511) ~[na:na]
	at org.junit.platform.engine.support.hierarchical.SameThreadHierarchicalTestExecutorService.invokeAll(SameThreadHierarchicalTestExecutorService.java:41) ~[junit-platform-engine-1.9.3.jar:1.9.3]
	at org.junit.platform.engine.support.hierarchical.NodeTestTask.lambda$executeRecursively$6(NodeTestTask.java:155) ~[junit-platform-engine-1.9.3.jar:1.9.3]
	at org.junit.platform.engine.support.hierarchical.ThrowableCollector.execute(ThrowableCollector.java:73) ~[junit-platform-engine-1.9.3.jar:1.9.3]
	at org.junit.platform.engine.support.hierarchical.NodeTestTask.lambda$executeRecursively$8(NodeTestTask.java:141) ~[junit-platform-engine-1.9.3.jar:1.9.3]
	at org.junit.platform.engine.support.hierarchical.Node.around(Node.java:137) ~[junit-platform-engine-1.9.3.jar:1.9.3]
	at org.junit.platform.engine.support.hierarchical.NodeTestTask.lambda$executeRecursively$9(NodeTestTask.java:139) ~[junit-platform-engine-1.9.3.jar:1.9.3]
	at org.junit.platform.engine.support.hierarchical.ThrowableCollector.execute(ThrowableCollector.java:73) ~[junit-platform-engine-1.9.3.jar:1.9.3]
	at org.junit.platform.engine.support.hierarchical.NodeTestTask.executeRecursively(NodeTestTask.java:138) ~[junit-platform-engine-1.9.3.jar:1.9.3]
	at org.junit.platform.engine.support.hierarchical.NodeTestTask.execute(NodeTestTask.java:95) ~[junit-platform-engine-1.9.3.jar:1.9.3]
	at java.base/java.util.ArrayList.forEach(ArrayList.java:1511) ~[na:na]
	at org.junit.platform.engine.support.hierarchical.SameThreadHierarchicalTestExecutorService.invokeAll(SameThreadHierarchicalTestExecutorService.java:41) ~[junit-platform-engine-1.9.3.jar:1.9.3]
	at org.junit.platform.engine.support.hierarchical.NodeTestTask.lambda$executeRecursively$6(NodeTestTask.java:155) ~[junit-platform-engine-1.9.3.jar:1.9.3]
	at org.junit.platform.engine.support.hierarchical.ThrowableCollector.execute(ThrowableCollector.java:73) ~[junit-platform-engine-1.9.3.jar:1.9.3]
	at org.junit.platform.engine.support.hierarchical.NodeTestTask.lambda$executeRecursively$8(NodeTestTask.java:141) ~[junit-platform-engine-1.9.3.jar:1.9.3]
	at org.junit.platform.engine.support.hierarchical.Node.around(Node.java:137) ~[junit-platform-engine-1.9.3.jar:1.9.3]
	at org.junit.platform.engine.support.hierarchical.NodeTestTask.lambda$executeRecursively$9(NodeTestTask.java:139) ~[junit-platform-engine-1.9.3.jar:1.9.3]
	at org.junit.platform.engine.support.hierarchical.ThrowableCollector.execute(ThrowableCollector.java:73) ~[junit-platform-engine-1.9.3.jar:1.9.3]
	at org.junit.platform.engine.support.hierarchical.NodeTestTask.executeRecursively(NodeTestTask.java:138) ~[junit-platform-engine-1.9.3.jar:1.9.3]
	at org.junit.platform.engine.support.hierarchical.NodeTestTask.execute(NodeTestTask.java:95) ~[junit-platform-engine-1.9.3.jar:1.9.3]
	at org.junit.platform.engine.support.hierarchical.SameThreadHierarchicalTestExecutorService.submit(SameThreadHierarchicalTestExecutorService.java:35) ~[junit-platform-engine-1.9.3.jar:1.9.3]
	at org.junit.platform.engine.support.hierarchical.HierarchicalTestExecutor.execute(HierarchicalTestExecutor.java:57) ~[junit-platform-engine-1.9.3.jar:1.9.3]
	at org.junit.platform.engine.support.hierarchical.HierarchicalTestEngine.execute(HierarchicalTestEngine.java:54) ~[junit-platform-engine-1.9.3.jar:1.9.3]
	at org.junit.platform.launcher.core.EngineExecutionOrchestrator.execute(EngineExecutionOrchestrator.java:147) ~[junit-platform-launcher-1.9.3.jar:1.9.3]
	at org.junit.platform.launcher.core.EngineExecutionOrchestrator.execute(EngineExecutionOrchestrator.java:127) ~[junit-platform-launcher-1.9.3.jar:1.9.3]
	at org.junit.platform.launcher.core.EngineExecutionOrchestrator.execute(EngineExecutionOrchestrator.java:90) ~[junit-platform-launcher-1.9.3.jar:1.9.3]
	at org.junit.platform.launcher.core.EngineExecutionOrchestrator.lambda$execute$0(EngineExecutionOrchestrator.java:55) ~[junit-platform-launcher-1.9.3.jar:1.9.3]
	at org.junit.platform.launcher.core.EngineExecutionOrchestrator.withInterceptedStreams(EngineExecutionOrchestrator.java:102) ~[junit-platform-launcher-1.9.3.jar:1.9.3]
	at org.junit.platform.launcher.core.EngineExecutionOrchestrator.execute(EngineExecutionOrchestrator.java:54) ~[junit-platform-launcher-1.9.3.jar:1.9.3]
	at org.junit.platform.launcher.core.DefaultLauncher.execute(DefaultLauncher.java:114) ~[junit-platform-launcher-1.9.3.jar:1.9.3]
	at org.junit.platform.launcher.core.DefaultLauncher.execute(DefaultLauncher.java:86) ~[junit-platform-launcher-1.9.3.jar:1.9.3]
	at org.junit.platform.launcher.core.DefaultLauncherSession$DelegatingLauncher.execute(DefaultLauncherSession.java:86) ~[junit-platform-launcher-1.9.3.jar:1.9.3]
	at org.apache.maven.surefire.junitplatform.LazyLauncher.execute(LazyLauncher.java:50) ~[surefire-junit-platform-3.0.0.jar:3.0.0]
	at org.apache.maven.surefire.junitplatform.JUnitPlatformProvider.execute(JUnitPlatformProvider.java:184) ~[surefire-junit-platform-3.0.0.jar:3.0.0]
	at org.apache.maven.surefire.junitplatform.JUnitPlatformProvider.invokeAllTests(JUnitPlatformProvider.java:148) ~[surefire-junit-platform-3.0.0.jar:3.0.0]
	at org.apache.maven.surefire.junitplatform.JUnitPlatformProvider.invoke(JUnitPlatformProvider.java:122) ~[surefire-junit-platform-3.0.0.jar:3.0.0]
	at org.apache.maven.surefire.booter.ForkedBooter.runSuitesInProcess(ForkedBooter.java:385) ~[surefire-booter-3.0.0.jar:3.0.0]
	at org.apache.maven.surefire.booter.ForkedBooter.execute(ForkedBooter.java:162) ~[surefire-booter-3.0.0.jar:3.0.0]
	at org.apache.maven.surefire.booter.ForkedBooter.run(ForkedBooter.java:507) ~[surefire-booter-3.0.0.jar:3.0.0]
	at org.apache.maven.surefire.booter.ForkedBooter.main(ForkedBooter.java:495) ~[surefire-booter-3.0.0.jar:3.0.0]

2023-12-16T17:13:08.954+02:00  INFO 1980 --- [           main] o.s.s.web.DefaultSecurityFilterChain     : Will secure any request with [org.springframework.security.web.session.DisableEncodeUrlFilter@7f930614, org.springframework.security.web.context.request.async.WebAsyncManagerIntegrationFilter@6ef0a044, org.springframework.security.web.context.SecurityContextHolderFilter@59ea4ca5, org.springframework.security.web.header.HeaderWriterFilter@29398b59, org.springframework.web.filter.CorsFilter@73e505d5, org.springframework.security.web.authentication.logout.LogoutFilter@66a2bc61, org.springframework.security.oauth2.client.web.OAuth2AuthorizationRequestRedirectFilter@7d6d93f9, org.springframework.security.oauth2.client.web.OAuth2LoginAuthenticationFilter@43cbc87f, org.springframework.security.web.authentication.ui.DefaultLoginPageGeneratingFilter@4d71deeb, org.springframework.security.web.authentication.ui.DefaultLogoutPageGeneratingFilter@1e4cf0e5, org.springframework.security.oauth2.server.resource.web.authentication.BearerTokenAuthenticationFilter@56fb87cd, org.springframework.security.web.savedrequest.RequestCacheAwareFilter@7aaf260f, org.springframework.security.web.servletapi.SecurityContextHolderAwareRequestFilter@2489ee11, org.springframework.security.web.authentication.AnonymousAuthenticationFilter@7908e69e, org.springframework.security.web.access.ExceptionTranslationFilter@782b12c9, org.springframework.security.web.access.intercept.AuthorizationFilter@23639e5]
2023-12-16T17:13:11.606+02:00  INFO 1980 --- [           main] o.a.t.util.net.NioEndpoint.certificate   : Connector [https-openssl-nio-auto-1], TLS virtual host [_default_], certificate type [UNDEFINED] configured from [C:\Users\User/.keystore] using alias [mynewalias] and with trust store [null]
2023-12-16T17:13:11.704+02:00  INFO 1980 --- [           main] o.s.b.w.embedded.tomcat.TomcatWebServer  : Tomcat started on port(s): 62537 (https) with context path ''
2023-12-16T17:13:11.736+02:00  INFO 1980 --- [           main] c.s.mynewapp.MynewappApplicationTests    : Started MynewappApplicationTests in 62.782 seconds (process running for 66.871)
]]></system-out>
  </testcase>
</testsuite>